Using pre-set license
Built from '2020.3/staging' branch; Version is '2020.3.9f1 (108be757e447) revision 1084391'; Using compiler version '192528614'; Build Type 'Release'
OS: 'Windows 10 Home; OS build 19045.4780; Version 2009; 64bit' Language: 'ko' Physical Memory: 15724 MB
BatchMode: 1, IsHumanControllingUs: 0, StartBugReporterOnCrash: 0, Is64bit: 1, IsPro: 0

 COMMAND LINE ARGUMENTS:
C:\Program Files\Unity\Hub\Editor\2020.3.9f1\Editor\Unity.exe
-adb2
-batchMode
-noUpm
-name
AssetImportWorker0
-projectPath
C:/unityProjects/TravelQuizMaster
-logFile
Logs/AssetImportWorker0.log
-srvPort
7276
Successfully changed project path to: C:/unityProjects/TravelQuizMaster
C:/unityProjects/TravelQuizMaster
Using Asset Import Pipeline V2.
Refreshing native plugins compatible for Editor in 92.31 ms, found 4 plugins.
Preloading 0 native plugins for Editor in 0.00 ms.
Initialize engine version: 2020.3.9f1 (108be757e447)
[Subsystems] Discovering subsystems at path C:/Program Files/Unity/Hub/Editor/2020.3.9f1/Editor/Data/Resources/UnitySubsystems
[Subsystems] Discovering subsystems at path C:/unityProjects/TravelQuizMaster/Assets
GfxDevice: creating device client; threaded=0
Direct3D:
    Version:  Direct3D 11.0 [level 11.1]
    Renderer: NVIDIA GeForce RTX 3060 Laptop GPU (ID=0x2520)
    Vendor:   
    VRAM:     6023 MB
    Driver:   30.0.15.1274
Initialize mono
Mono path[0] = 'C:/Program Files/Unity/Hub/Editor/2020.3.9f1/Editor/Data/Managed'
Mono path[1] = 'C:/Program Files/Unity/Hub/Editor/2020.3.9f1/Editor/Data/MonoBleedingEdge/lib/mono/unityjit'
Mono config path = 'C:/Program Files/Unity/Hub/Editor/2020.3.9f1/Editor/Data/MonoBleedingEdge/etc'
Using monoOptions --debugger-agent=transport=dt_socket,embedding=1,server=y,suspend=n,address=127.0.0.1:56628
Begin MonoManager ReloadAssembly
Registering precompiled unity dll's ...
Trying to register platform support module: C:/Program Files/Unity/Hub/Editor/2020.3.9f1/Editor/Data/PlaybackEngines/MacStandaloneSupport/UnityEditor.OSXStandalone.Extensions.dll (that doesn't exist). Retrying without overrides.
Platform support module is not available: C:/Program Files/Unity/Hub/Editor/2020.3.9f1/Editor/Data/PlaybackEngines/MacStandaloneSupport/UnityEditor.OSXStandalone.Extensions.dll
Register platform support module: C:/Program Files/Unity/Hub/Editor/2020.3.9f1/Editor/Data/PlaybackEngines/WindowsStandaloneSupport/UnityEditor.WindowsStandalone.Extensions.dll
Registered in 0.006459 seconds.
Native extension for WindowsStandalone target not found
Refreshing native plugins compatible for Editor in 48.54 ms, found 4 plugins.
Preloading 0 native plugins for Editor in 0.00 ms.
Mono: successfully reloaded assembly
- Completed reload, in  4.295 seconds
Platform modules already initialized, skipping
Registering precompiled user dll's ...
Registered in 0.104557 seconds.
Begin MonoManager ReloadAssembly
Native extension for WindowsStandalone target not found
Refreshing native plugins compatible for Editor in 44.26 ms, found 4 plugins.
Preloading 0 native plugins for Editor in 0.00 ms.
NullReferenceException: Object reference not set to an instance of an object
  at ZEPETO.World.Editor.WorldEditorSettings.IsZaizai () [0x00014] in <c723ad8419a1443b99dfb846a9c79f4c>:0 
  at ZEPETO.World.Editor.WorldEditorSettings.SelectDevelopment () [0x00000] in <c723ad8419a1443b99dfb846a9c79f4c>:0 
  at ZEPETO.World.Editor.WorldEditorSettings.get_Development () [0x0000d] in <c723ad8419a1443b99dfb846a9c79f4c>:0 
  at ZEPETO.World.Editor.WorldEnvironmentInitializer.MultiplaySettingInitialize () [0x00001] in <800d53a62f6240719bfad768be011f42>:0 
  at ZEPETO.World.Editor.WorldEnvironmentInitializer.InitializeOnLoadMethod () [0x00001] in <800d53a62f6240719bfad768be011f42>:0 

NullReferenceException: Object reference not set to an instance of an object
  at ZEPETO.World.Editor.WorldEditorSettings.IsZaizai () [0x00014] in <c723ad8419a1443b99dfb846a9c79f4c>:0 
  at ZEPETO.World.Editor.WorldEditorSettings.SelectDevelopment () [0x00000] in <c723ad8419a1443b99dfb846a9c79f4c>:0 
  at ZEPETO.World.Editor.WorldEditorSettings.get_Development () [0x0000d] in <c723ad8419a1443b99dfb846a9c79f4c>:0 
  at ZEPETO.World.Editor.WorldEditorSettings.get_BuiltinSettings () [0x00000] in <c723ad8419a1443b99dfb846a9c79f4c>:0 
  at ZEPETO.World.Editor.WorldEditorSettings.get_ActiveSetting () [0x00023] in <c723ad8419a1443b99dfb846a9c79f4c>:0 
  at ZEPETO.World.Editor.EditorPropertyRequestService.RequestPropertiesAsync[T] (System.String key) [0x00001] in <800d53a62f6240719bfad768be011f42>:0 
  at ZEPETO.World.Editor.EngineSettings.LoadEngineSettings () [0x00001] in <800d53a62f6240719bfad768be011f42>:0 
  at ZEPETO.World.Editor.EngineSettings.Initialize () [0x00052] in <800d53a62f6240719bfad768be011f42>:0 

NullReferenceException: Object reference not set to an instance of an object
  at ZEPETO.World.Editor.WorldEditorSettings.IsZaizai () [0x00014] in <c723ad8419a1443b99dfb846a9c79f4c>:0 
  at ZEPETO.World.Editor.WorldEditorSettings.SelectDevelopment () [0x00000] in <c723ad8419a1443b99dfb846a9c79f4c>:0 
  at ZEPETO.World.Editor.WorldEditorSettings.get_Development () [0x0000d] in <c723ad8419a1443b99dfb846a9c79f4c>:0 
  at ZEPETO.World.Editor.WorldEditorSettings.get_BuiltinSettings () [0x00000] in <c723ad8419a1443b99dfb846a9c79f4c>:0 
  at ZEPETO.World.Editor.WorldEditorSettings.get_ActiveSetting () [0x00023] in <c723ad8419a1443b99dfb846a9c79f4c>:0 
  at ZEPETO.World.Editor.EditorPropertyRequestService.RequestPropertiesAsync[T] (System.String key) [0x00001] in <800d53a62f6240719bfad768be011f42>:0 
  at ZEPETO.World.Editor.ForbiddenTypes.LoadForbiddenTypes () [0x00001] in <800d53a62f6240719bfad768be011f42>:0 
  at ZEPETO.World.Editor.ForbiddenTypes.Initialize () [0x00052] in <800d53a62f6240719bfad768be011f42>:0 

NullReferenceException: Object reference not set to an instance of an object
  at ZEPETO.World.Editor.WorldPackageEditorUtils.GetDeserializedWorldPackageInfo () [0x00016] in <800d53a62f6240719bfad768be011f42>:0 
  at ZEPETO.World.Editor.WorldPackageEditorUtils.GetFieldValue[T] (System.String field) [0x00001] in <800d53a62f6240719bfad768be011f42>:0 
  at ZEPETO.World.Editor.WorldPackageEditorUtils.get_ZepetoMinVersion () [0x00000] in <800d53a62f6240719bfad768be011f42>:0 
  at ZEPETO.World.Editor.Editor.WorldEditorInitializer.EditorInitializer () [0x00001] in <800d53a62f6240719bfad768be011f42>:0 

Mono: successfully reloaded assembly
- Completed reload, in  1.476 seconds
Platform modules already initialized, skipping
========================================================================
Worker process is ready to serve import requests
Launched and connected shader compiler UnityShaderCompiler.exe after 0.09 seconds
Refreshing native plugins compatible for Editor in 0.84 ms, found 4 plugins.
Preloading 0 native plugins for Editor in 0.00 ms.
Unloading 1975 Unused Serialized files (Serialized files now loaded: 0)
System memory in use before: 110.8 MB.
System memory in use after: 110.9 MB.

Unloading 112 unused Assets to reduce memory usage. Loaded Objects now: 2685.
Total: 3.627500 ms (FindLiveObjects: 0.287700 ms CreateObjectMapping: 0.116300 ms MarkObjects: 3.107100 ms  DeleteObjects: 0.115100 ms)

========================================================================
Received Import Request.
  path: Assets/scripts/CharacterController.ts
  artifactKey: Guid(532fc8ff931837f41beb8119321170be) Importer(815301076,1909f56bfc062723c751e8b465ee728b)
Start importing Assets/scripts/CharacterController.ts using Guid(532fc8ff931837f41beb8119321170be) Importer(815301076,1909f56bfc062723c751e8b465ee728b)  -> (artifact id: '1f157e71dbee0b3714ff85ebac28edfb') in 0.054653 seconds
  Import took 0.058285 seconds .

========================================================================
Received Import Request.
  Time since last request: 0.027621 seconds.
  path: Assets/scripts/CharacterController.ts
  artifactKey: Guid(532fc8ff931837f41beb8119321170be) Importer(815301076,1909f56bfc062723c751e8b465ee728b)
Start importing Assets/scripts/CharacterController.ts using Guid(532fc8ff931837f41beb8119321170be) Importer(815301076,1909f56bfc062723c751e8b465ee728b)  -> (artifact id: '1f157e71dbee0b3714ff85ebac28edfb') in 0.005867 seconds
  Import took 0.009945 seconds .

========================================================================
Received Prepare
Refreshing native plugins compatible for Editor in 51.49 ms, found 4 plugins.
Preloading 0 native plugins for Editor in 0.00 ms.
Unloading 103 Unused Serialized files (Serialized files now loaded: 0)
System memory in use before: 68.4 MB.
System memory in use after: 68.6 MB.

Unloading 103 unused Assets to reduce memory usage. Loaded Objects now: 2685.
Total: 2.480300 ms (FindLiveObjects: 0.222400 ms CreateObjectMapping: 0.054800 ms MarkObjects: 2.175800 ms  DeleteObjects: 0.026300 ms)

========================================================================
Received Prepare
Registering precompiled user dll's ...
Registered in 0.092786 seconds.
Begin MonoManager ReloadAssembly
Native extension for WindowsStandalone target not found
Refreshing native plugins compatible for Editor in 1.05 ms, found 4 plugins.
Preloading 0 native plugins for Editor in 0.00 ms.
NullReferenceException: Object reference not set to an instance of an object
  at ZEPETO.World.Editor.WorldEditorSettings.IsZaizai () [0x00014] in <c723ad8419a1443b99dfb846a9c79f4c>:0 
  at ZEPETO.World.Editor.WorldEditorSettings.SelectDevelopment () [0x00000] in <c723ad8419a1443b99dfb846a9c79f4c>:0 
  at ZEPETO.World.Editor.WorldEditorSettings.get_Development () [0x0000d] in <c723ad8419a1443b99dfb846a9c79f4c>:0 
  at ZEPETO.World.Editor.WorldEnvironmentInitializer.MultiplaySettingInitialize () [0x00001] in <800d53a62f6240719bfad768be011f42>:0 
  at ZEPETO.World.Editor.WorldEnvironmentInitializer.InitializeOnLoadMethod () [0x00001] in <800d53a62f6240719bfad768be011f42>:0 

NullReferenceException: Object reference not set to an instance of an object
  at ZEPETO.World.Editor.WorldEditorSettings.IsZaizai () [0x00014] in <c723ad8419a1443b99dfb846a9c79f4c>:0 
  at ZEPETO.World.Editor.WorldEditorSettings.SelectDevelopment () [0x00000] in <c723ad8419a1443b99dfb846a9c79f4c>:0 
  at ZEPETO.World.Editor.WorldEditorSettings.get_Development () [0x0000d] in <c723ad8419a1443b99dfb846a9c79f4c>:0 
  at ZEPETO.World.Editor.WorldEditorSettings.get_BuiltinSettings () [0x00000] in <c723ad8419a1443b99dfb846a9c79f4c>:0 
  at ZEPETO.World.Editor.WorldEditorSettings.get_ActiveSetting () [0x00023] in <c723ad8419a1443b99dfb846a9c79f4c>:0 
  at ZEPETO.World.Editor.EditorPropertyRequestService.RequestPropertiesAsync[T] (System.String key) [0x00001] in <800d53a62f6240719bfad768be011f42>:0 
  at ZEPETO.World.Editor.EngineSettings.LoadEngineSettings () [0x00001] in <800d53a62f6240719bfad768be011f42>:0 
  at ZEPETO.World.Editor.EngineSettings.Initialize () [0x00052] in <800d53a62f6240719bfad768be011f42>:0 

NullReferenceException: Object reference not set to an instance of an object
  at ZEPETO.World.Editor.WorldEditorSettings.IsZaizai () [0x00014] in <c723ad8419a1443b99dfb846a9c79f4c>:0 
  at ZEPETO.World.Editor.WorldEditorSettings.SelectDevelopment () [0x00000] in <c723ad8419a1443b99dfb846a9c79f4c>:0 
  at ZEPETO.World.Editor.WorldEditorSettings.get_Development () [0x0000d] in <c723ad8419a1443b99dfb846a9c79f4c>:0 
  at ZEPETO.World.Editor.WorldEditorSettings.get_BuiltinSettings () [0x00000] in <c723ad8419a1443b99dfb846a9c79f4c>:0 
  at ZEPETO.World.Editor.WorldEditorSettings.get_ActiveSetting () [0x00023] in <c723ad8419a1443b99dfb846a9c79f4c>:0 
  at ZEPETO.World.Editor.EditorPropertyRequestService.RequestPropertiesAsync[T] (System.String key) [0x00001] in <800d53a62f6240719bfad768be011f42>:0 
  at ZEPETO.World.Editor.ForbiddenTypes.LoadForbiddenTypes () [0x00001] in <800d53a62f6240719bfad768be011f42>:0 
  at ZEPETO.World.Editor.ForbiddenTypes.Initialize () [0x00052] in <800d53a62f6240719bfad768be011f42>:0 

NullReferenceException: Object reference not set to an instance of an object
  at ZEPETO.World.Editor.WorldPackageEditorUtils.GetDeserializedWorldPackageInfo () [0x00016] in <800d53a62f6240719bfad768be011f42>:0 
  at ZEPETO.World.Editor.WorldPackageEditorUtils.GetFieldValue[T] (System.String field) [0x00001] in <800d53a62f6240719bfad768be011f42>:0 
  at ZEPETO.World.Editor.WorldPackageEditorUtils.get_ZepetoMinVersion () [0x00000] in <800d53a62f6240719bfad768be011f42>:0 
  at ZEPETO.World.Editor.Editor.WorldEditorInitializer.EditorInitializer () [0x00001] in <800d53a62f6240719bfad768be011f42>:0 

Mono: successfully reloaded assembly
- Completed reload, in  1.244 seconds
Platform modules already initialized, skipping
Refreshing native plugins compatible for Editor in 1.48 ms, found 4 plugins.
Preloading 0 native plugins for Editor in 0.00 ms.
Unloading 1885 Unused Serialized files (Serialized files now loaded: 0)
System memory in use before: 104.9 MB.
System memory in use after: 105.1 MB.

Unloading 105 unused Assets to reduce memory usage. Loaded Objects now: 2784.
Total: 6.527600 ms (FindLiveObjects: 0.291600 ms CreateObjectMapping: 0.190500 ms MarkObjects: 5.987500 ms  DeleteObjects: 0.056600 ms)

========================================================================
Received Prepare
Registering precompiled user dll's ...
Registered in 0.087274 seconds.
Begin MonoManager ReloadAssembly
Native extension for WindowsStandalone target not found
Refreshing native plugins compatible for Editor in 0.90 ms, found 4 plugins.
Preloading 0 native plugins for Editor in 0.00 ms.
NullReferenceException: Object reference not set to an instance of an object
  at ZEPETO.World.Editor.WorldEditorSettings.IsZaizai () [0x00014] in <c723ad8419a1443b99dfb846a9c79f4c>:0 
  at ZEPETO.World.Editor.WorldEditorSettings.SelectDevelopment () [0x00000] in <c723ad8419a1443b99dfb846a9c79f4c>:0 
  at ZEPETO.World.Editor.WorldEditorSettings.get_Development () [0x0000d] in <c723ad8419a1443b99dfb846a9c79f4c>:0 
  at ZEPETO.World.Editor.WorldEnvironmentInitializer.MultiplaySettingInitialize () [0x00001] in <800d53a62f6240719bfad768be011f42>:0 
  at ZEPETO.World.Editor.WorldEnvironmentInitializer.InitializeOnLoadMethod () [0x00001] in <800d53a62f6240719bfad768be011f42>:0 

NullReferenceException: Object reference not set to an instance of an object
  at ZEPETO.World.Editor.WorldEditorSettings.IsZaizai () [0x00014] in <c723ad8419a1443b99dfb846a9c79f4c>:0 
  at ZEPETO.World.Editor.WorldEditorSettings.SelectDevelopment () [0x00000] in <c723ad8419a1443b99dfb846a9c79f4c>:0 
  at ZEPETO.World.Editor.WorldEditorSettings.get_Development () [0x0000d] in <c723ad8419a1443b99dfb846a9c79f4c>:0 
  at ZEPETO.World.Editor.WorldEditorSettings.get_BuiltinSettings () [0x00000] in <c723ad8419a1443b99dfb846a9c79f4c>:0 
  at ZEPETO.World.Editor.WorldEditorSettings.get_ActiveSetting () [0x00023] in <c723ad8419a1443b99dfb846a9c79f4c>:0 
  at ZEPETO.World.Editor.EditorPropertyRequestService.RequestPropertiesAsync[T] (System.String key) [0x00001] in <800d53a62f6240719bfad768be011f42>:0 
  at ZEPETO.World.Editor.EngineSettings.LoadEngineSettings () [0x00001] in <800d53a62f6240719bfad768be011f42>:0 
  at ZEPETO.World.Editor.EngineSettings.Initialize () [0x00052] in <800d53a62f6240719bfad768be011f42>:0 

NullReferenceException: Object reference not set to an instance of an object
  at ZEPETO.World.Editor.WorldEditorSettings.IsZaizai () [0x00014] in <c723ad8419a1443b99dfb846a9c79f4c>:0 
  at ZEPETO.World.Editor.WorldEditorSettings.SelectDevelopment () [0x00000] in <c723ad8419a1443b99dfb846a9c79f4c>:0 
  at ZEPETO.World.Editor.WorldEditorSettings.get_Development () [0x0000d] in <c723ad8419a1443b99dfb846a9c79f4c>:0 
  at ZEPETO.World.Editor.WorldEditorSettings.get_BuiltinSettings () [0x00000] in <c723ad8419a1443b99dfb846a9c79f4c>:0 
  at ZEPETO.World.Editor.WorldEditorSettings.get_ActiveSetting () [0x00023] in <c723ad8419a1443b99dfb846a9c79f4c>:0 
  at ZEPETO.World.Editor.EditorPropertyRequestService.RequestPropertiesAsync[T] (System.String key) [0x00001] in <800d53a62f6240719bfad768be011f42>:0 
  at ZEPETO.World.Editor.ForbiddenTypes.LoadForbiddenTypes () [0x00001] in <800d53a62f6240719bfad768be011f42>:0 
  at ZEPETO.World.Editor.ForbiddenTypes.Initialize () [0x00052] in <800d53a62f6240719bfad768be011f42>:0 

NullReferenceException: Object reference not set to an instance of an object
  at ZEPETO.World.Editor.WorldPackageEditorUtils.GetDeserializedWorldPackageInfo () [0x00016] in <800d53a62f6240719bfad768be011f42>:0 
  at ZEPETO.World.Editor.WorldPackageEditorUtils.GetFieldValue[T] (System.String field) [0x00001] in <800d53a62f6240719bfad768be011f42>:0 
  at ZEPETO.World.Editor.WorldPackageEditorUtils.get_ZepetoMinVersion () [0x00000] in <800d53a62f6240719bfad768be011f42>:0 
  at ZEPETO.World.Editor.Editor.WorldEditorInitializer.EditorInitializer () [0x00001] in <800d53a62f6240719bfad768be011f42>:0 

Mono: successfully reloaded assembly
- Completed reload, in  1.165 seconds
Platform modules already initialized, skipping
Refreshing native plugins compatible for Editor in 0.90 ms, found 4 plugins.
Preloading 0 native plugins for Editor in 0.00 ms.
Unloading 1879 Unused Serialized files (Serialized files now loaded: 0)
System memory in use before: 104.5 MB.
System memory in use after: 104.7 MB.

Unloading 105 unused Assets to reduce memory usage. Loaded Objects now: 2787.
Total: 2.497600 ms (FindLiveObjects: 0.249600 ms CreateObjectMapping: 0.104600 ms MarkObjects: 2.101600 ms  DeleteObjects: 0.041100 ms)

========================================================================
Received Prepare
Registering precompiled user dll's ...
Registered in 0.088963 seconds.
Begin MonoManager ReloadAssembly
Native extension for WindowsStandalone target not found
Refreshing native plugins compatible for Editor in 1.01 ms, found 4 plugins.
Preloading 0 native plugins for Editor in 0.00 ms.
NullReferenceException: Object reference not set to an instance of an object
  at ZEPETO.World.Editor.WorldEditorSettings.IsZaizai () [0x00014] in <c723ad8419a1443b99dfb846a9c79f4c>:0 
  at ZEPETO.World.Editor.WorldEditorSettings.SelectDevelopment () [0x00000] in <c723ad8419a1443b99dfb846a9c79f4c>:0 
  at ZEPETO.World.Editor.WorldEditorSettings.get_Development () [0x0000d] in <c723ad8419a1443b99dfb846a9c79f4c>:0 
  at ZEPETO.World.Editor.WorldEnvironmentInitializer.MultiplaySettingInitialize () [0x00001] in <800d53a62f6240719bfad768be011f42>:0 
  at ZEPETO.World.Editor.WorldEnvironmentInitializer.InitializeOnLoadMethod () [0x00001] in <800d53a62f6240719bfad768be011f42>:0 

NullReferenceException: Object reference not set to an instance of an object
  at ZEPETO.World.Editor.WorldEditorSettings.IsZaizai () [0x00014] in <c723ad8419a1443b99dfb846a9c79f4c>:0 
  at ZEPETO.World.Editor.WorldEditorSettings.SelectDevelopment () [0x00000] in <c723ad8419a1443b99dfb846a9c79f4c>:0 
  at ZEPETO.World.Editor.WorldEditorSettings.get_Development () [0x0000d] in <c723ad8419a1443b99dfb846a9c79f4c>:0 
  at ZEPETO.World.Editor.WorldEditorSettings.get_BuiltinSettings () [0x00000] in <c723ad8419a1443b99dfb846a9c79f4c>:0 
  at ZEPETO.World.Editor.WorldEditorSettings.get_ActiveSetting () [0x00023] in <c723ad8419a1443b99dfb846a9c79f4c>:0 
  at ZEPETO.World.Editor.EditorPropertyRequestService.RequestPropertiesAsync[T] (System.String key) [0x00001] in <800d53a62f6240719bfad768be011f42>:0 
  at ZEPETO.World.Editor.EngineSettings.LoadEngineSettings () [0x00001] in <800d53a62f6240719bfad768be011f42>:0 
  at ZEPETO.World.Editor.EngineSettings.Initialize () [0x00052] in <800d53a62f6240719bfad768be011f42>:0 

NullReferenceException: Object reference not set to an instance of an object
  at ZEPETO.World.Editor.WorldEditorSettings.IsZaizai () [0x00014] in <c723ad8419a1443b99dfb846a9c79f4c>:0 
  at ZEPETO.World.Editor.WorldEditorSettings.SelectDevelopment () [0x00000] in <c723ad8419a1443b99dfb846a9c79f4c>:0 
  at ZEPETO.World.Editor.WorldEditorSettings.get_Development () [0x0000d] in <c723ad8419a1443b99dfb846a9c79f4c>:0 
  at ZEPETO.World.Editor.WorldEditorSettings.get_BuiltinSettings () [0x00000] in <c723ad8419a1443b99dfb846a9c79f4c>:0 
  at ZEPETO.World.Editor.WorldEditorSettings.get_ActiveSetting () [0x00023] in <c723ad8419a1443b99dfb846a9c79f4c>:0 
  at ZEPETO.World.Editor.EditorPropertyRequestService.RequestPropertiesAsync[T] (System.String key) [0x00001] in <800d53a62f6240719bfad768be011f42>:0 
  at ZEPETO.World.Editor.ForbiddenTypes.LoadForbiddenTypes () [0x00001] in <800d53a62f6240719bfad768be011f42>:0 
  at ZEPETO.World.Editor.ForbiddenTypes.Initialize () [0x00052] in <800d53a62f6240719bfad768be011f42>:0 

NullReferenceException: Object reference not set to an instance of an object
  at ZEPETO.World.Editor.WorldPackageEditorUtils.GetDeserializedWorldPackageInfo () [0x00016] in <800d53a62f6240719bfad768be011f42>:0 
  at ZEPETO.World.Editor.WorldPackageEditorUtils.GetFieldValue[T] (System.String field) [0x00001] in <800d53a62f6240719bfad768be011f42>:0 
  at ZEPETO.World.Editor.WorldPackageEditorUtils.get_ZepetoMinVersion () [0x00000] in <800d53a62f6240719bfad768be011f42>:0 
  at ZEPETO.World.Editor.Editor.WorldEditorInitializer.EditorInitializer () [0x00001] in <800d53a62f6240719bfad768be011f42>:0 

Mono: successfully reloaded assembly
- Completed reload, in  1.184 seconds
Platform modules already initialized, skipping
Refreshing native plugins compatible for Editor in 0.97 ms, found 4 plugins.
Preloading 0 native plugins for Editor in 0.00 ms.
Unloading 1879 Unused Serialized files (Serialized files now loaded: 0)
System memory in use before: 104.5 MB.
System memory in use after: 104.8 MB.

Unloading 105 unused Assets to reduce memory usage. Loaded Objects now: 2790.
Total: 2.900900 ms (FindLiveObjects: 0.279900 ms CreateObjectMapping: 0.110600 ms MarkObjects: 2.471000 ms  DeleteObjects: 0.038500 ms)

========================================================================
Received Import Request.
  Time since last request: 1857.760622 seconds.
  path: Assets/Material/rounge_tile.mat
  artifactKey: Guid(cff3bf8bfba0e484d867ed5d190ae865) Importer(815301076,1909f56bfc062723c751e8b465ee728b)
Start importing Assets/Material/rounge_tile.mat using Guid(cff3bf8bfba0e484d867ed5d190ae865) Importer(815301076,1909f56bfc062723c751e8b465ee728b)  -> (artifact id: '39002c6d73b0e6ec2ec0c17cfa5ecd2c') in 0.126128 seconds
  Import took 0.130317 seconds .

========================================================================
Received Import Request.
  Time since last request: 26.043259 seconds.
  path: Assets/Material/textBackground.mat
  artifactKey: Guid(529855c43f480764381ee65e60c23740) Importer(815301076,1909f56bfc062723c751e8b465ee728b)
Start importing Assets/Material/textBackground.mat using Guid(529855c43f480764381ee65e60c23740) Importer(815301076,1909f56bfc062723c751e8b465ee728b)  -> (artifact id: '4b35afffc7367f620b7407513a77af1c') in 0.011576 seconds
  Import took 0.015473 seconds .

========================================================================
Received Import Request.
  Time since last request: 266.902664 seconds.
  path: Assets/Image/background.png
  artifactKey: Guid(ed2ccdf5800e1204b916309156879683) Importer(815301076,1909f56bfc062723c751e8b465ee728b)
Start importing Assets/Image/background.png using Guid(ed2ccdf5800e1204b916309156879683) Importer(815301076,1909f56bfc062723c751e8b465ee728b)  -> (artifact id: '95eafa104c313e07c8f63ad3e8861f2c') in 0.027119 seconds
  Import took 0.031105 seconds .

========================================================================
Received Import Request.
  Time since last request: 360.763024 seconds.
  path: Assets/Image/background.png
  artifactKey: Guid(ed2ccdf5800e1204b916309156879683) Importer(815301076,1909f56bfc062723c751e8b465ee728b)
Start importing Assets/Image/background.png using Guid(ed2ccdf5800e1204b916309156879683) Importer(815301076,1909f56bfc062723c751e8b465ee728b)  -> (artifact id: '2410f472ca7b1a4ca7a1a273bce84c70') in 0.011244 seconds
  Import took 0.015924 seconds .

========================================================================
Received Import Request.
  Time since last request: 29.920006 seconds.
  path: Assets/Image/background1.png
  artifactKey: Guid(ed2ccdf5800e1204b916309156879683) Importer(815301076,1909f56bfc062723c751e8b465ee728b)
Start importing Assets/Image/background1.png using Guid(ed2ccdf5800e1204b916309156879683) Importer(815301076,1909f56bfc062723c751e8b465ee728b)  -> (artifact id: 'feb7740cb2d01373aae476fba7d9e74a') in 0.008958 seconds
  Import took 0.012628 seconds .

========================================================================
Received Import Request.
  Time since last request: 52.290227 seconds.
  path: Assets/Image/background2.png
  artifactKey: Guid(dbbde047536da7048b2e27466535f520) Importer(815301076,1909f56bfc062723c751e8b465ee728b)
Start importing Assets/Image/background2.png using Guid(dbbde047536da7048b2e27466535f520) Importer(815301076,1909f56bfc062723c751e8b465ee728b)  -> (artifact id: 'eb9c2ff90a0aa1c73f2fd7a094f4201f') in 0.011935 seconds
  Import took 0.015937 seconds .

========================================================================
Received Import Request.
  Time since last request: 0.000261 seconds.
  path: Assets/Image/background3.png
  artifactKey: Guid(7e95e5279b275544b9edd67ecfc852bb) Importer(815301076,1909f56bfc062723c751e8b465ee728b)
Start importing Assets/Image/background3.png using Guid(7e95e5279b275544b9edd67ecfc852bb) Importer(815301076,1909f56bfc062723c751e8b465ee728b)  -> (artifact id: '453a3da24ee2246ac4342adcea84e566') in 0.009976 seconds
  Import took 0.013364 seconds .

========================================================================
Received Import Request.
  Time since last request: 0.000199 seconds.
  path: Assets/Image/background2.png
  artifactKey: Guid(dbbde047536da7048b2e27466535f520) Importer(815301076,1909f56bfc062723c751e8b465ee728b)
Start importing Assets/Image/background2.png using Guid(dbbde047536da7048b2e27466535f520) Importer(815301076,1909f56bfc062723c751e8b465ee728b)  -> (artifact id: 'eb9c2ff90a0aa1c73f2fd7a094f4201f') in 0.008410 seconds
  Import took 0.011180 seconds .

========================================================================
Received Import Request.
  Time since last request: 0.000205 seconds.
  path: Assets/Image/background3.png
  artifactKey: Guid(7e95e5279b275544b9edd67ecfc852bb) Importer(815301076,1909f56bfc062723c751e8b465ee728b)
Start importing Assets/Image/background3.png using Guid(7e95e5279b275544b9edd67ecfc852bb) Importer(815301076,1909f56bfc062723c751e8b465ee728b)  -> (artifact id: '453a3da24ee2246ac4342adcea84e566') in 0.007207 seconds
  Import took 0.009831 seconds .

========================================================================
Received Import Request.
  Time since last request: 11.372323 seconds.
  path: Assets/Material/New Material.mat
  artifactKey: Guid(dd3aa650ed043fd4b84f1045fe2066f5) Importer(815301076,1909f56bfc062723c751e8b465ee728b)
Start importing Assets/Material/New Material.mat using Guid(dd3aa650ed043fd4b84f1045fe2066f5) Importer(815301076,1909f56bfc062723c751e8b465ee728b)  -> (artifact id: '2d7ef3bb39546d3ab97c9f4dd639583f') in 0.014001 seconds
  Import took 0.017331 seconds .

========================================================================
Received Import Request.
  Time since last request: 5.295680 seconds.
  path: Assets/Material/textBackground2.mat
  artifactKey: Guid(dd3aa650ed043fd4b84f1045fe2066f5) Importer(815301076,1909f56bfc062723c751e8b465ee728b)
Start importing Assets/Material/textBackground2.mat using Guid(dd3aa650ed043fd4b84f1045fe2066f5) Importer(815301076,1909f56bfc062723c751e8b465ee728b)  -> (artifact id: 'ef28e170b328a1f18c363fd51a2d1fe1') in 0.016138 seconds
  Import took 0.019555 seconds .

========================================================================
Received Import Request.
  Time since last request: 3.182930 seconds.
  path: Assets/Material/textBackground1.mat
  artifactKey: Guid(529855c43f480764381ee65e60c23740) Importer(815301076,1909f56bfc062723c751e8b465ee728b)
Start importing Assets/Material/textBackground1.mat using Guid(529855c43f480764381ee65e60c23740) Importer(815301076,1909f56bfc062723c751e8b465ee728b)  -> (artifact id: '04525e4cdc6052d3b387446d6d86cad5') in 0.012643 seconds
  Import took 0.016367 seconds .

========================================================================
Received Import Request.
  Time since last request: 15.155835 seconds.
  path: Assets/Material/textBackground3.mat
  artifactKey: Guid(b91e8c7af6e2741488de41ccdbcb9604) Importer(815301076,1909f56bfc062723c751e8b465ee728b)
Start importing Assets/Material/textBackground3.mat using Guid(b91e8c7af6e2741488de41ccdbcb9604) Importer(815301076,1909f56bfc062723c751e8b465ee728b)  -> (artifact id: 'ad7f30e1575c3fd34d1e474fdb19e675') in 0.016298 seconds
  Import took 0.020190 seconds .

========================================================================
Received Prepare
Registering precompiled user dll's ...
Registered in 0.096242 seconds.
Begin MonoManager ReloadAssembly
Native extension for WindowsStandalone target not found
Refreshing native plugins compatible for Editor in 0.90 ms, found 4 plugins.
Preloading 0 native plugins for Editor in 0.00 ms.
NullReferenceException: Object reference not set to an instance of an object
  at ZEPETO.World.Editor.WorldEditorSettings.IsZaizai () [0x00014] in <c723ad8419a1443b99dfb846a9c79f4c>:0 
  at ZEPETO.World.Editor.WorldEditorSettings.SelectDevelopment () [0x00000] in <c723ad8419a1443b99dfb846a9c79f4c>:0 
  at ZEPETO.World.Editor.WorldEditorSettings.get_Development () [0x0000d] in <c723ad8419a1443b99dfb846a9c79f4c>:0 
  at ZEPETO.World.Editor.WorldEnvironmentInitializer.MultiplaySettingInitialize () [0x00001] in <800d53a62f6240719bfad768be011f42>:0 
  at ZEPETO.World.Editor.WorldEnvironmentInitializer.InitializeOnLoadMethod () [0x00001] in <800d53a62f6240719bfad768be011f42>:0 

NullReferenceException: Object reference not set to an instance of an object
  at ZEPETO.World.Editor.WorldEditorSettings.IsZaizai () [0x00014] in <c723ad8419a1443b99dfb846a9c79f4c>:0 
  at ZEPETO.World.Editor.WorldEditorSettings.SelectDevelopment () [0x00000] in <c723ad8419a1443b99dfb846a9c79f4c>:0 
  at ZEPETO.World.Editor.WorldEditorSettings.get_Development () [0x0000d] in <c723ad8419a1443b99dfb846a9c79f4c>:0 
  at ZEPETO.World.Editor.WorldEditorSettings.get_BuiltinSettings () [0x00000] in <c723ad8419a1443b99dfb846a9c79f4c>:0 
  at ZEPETO.World.Editor.WorldEditorSettings.get_ActiveSetting () [0x00023] in <c723ad8419a1443b99dfb846a9c79f4c>:0 
  at ZEPETO.World.Editor.EditorPropertyRequestService.RequestPropertiesAsync[T] (System.String key) [0x00001] in <800d53a62f6240719bfad768be011f42>:0 
  at ZEPETO.World.Editor.EngineSettings.LoadEngineSettings () [0x00001] in <800d53a62f6240719bfad768be011f42>:0 
  at ZEPETO.World.Editor.EngineSettings.Initialize () [0x00052] in <800d53a62f6240719bfad768be011f42>:0 

NullReferenceException: Object reference not set to an instance of an object
  at ZEPETO.World.Editor.WorldEditorSettings.IsZaizai () [0x00014] in <c723ad8419a1443b99dfb846a9c79f4c>:0 
  at ZEPETO.World.Editor.WorldEditorSettings.SelectDevelopment () [0x00000] in <c723ad8419a1443b99dfb846a9c79f4c>:0 
  at ZEPETO.World.Editor.WorldEditorSettings.get_Development () [0x0000d] in <c723ad8419a1443b99dfb846a9c79f4c>:0 
  at ZEPETO.World.Editor.WorldEditorSettings.get_BuiltinSettings () [0x00000] in <c723ad8419a1443b99dfb846a9c79f4c>:0 
  at ZEPETO.World.Editor.WorldEditorSettings.get_ActiveSetting () [0x00023] in <c723ad8419a1443b99dfb846a9c79f4c>:0 
  at ZEPETO.World.Editor.EditorPropertyRequestService.RequestPropertiesAsync[T] (System.String key) [0x00001] in <800d53a62f6240719bfad768be011f42>:0 
  at ZEPETO.World.Editor.ForbiddenTypes.LoadForbiddenTypes () [0x00001] in <800d53a62f6240719bfad768be011f42>:0 
  at ZEPETO.World.Editor.ForbiddenTypes.Initialize () [0x00052] in <800d53a62f6240719bfad768be011f42>:0 

NullReferenceException: Object reference not set to an instance of an object
  at ZEPETO.World.Editor.WorldPackageEditorUtils.GetDeserializedWorldPackageInfo () [0x00016] in <800d53a62f6240719bfad768be011f42>:0 
  at ZEPETO.World.Editor.WorldPackageEditorUtils.GetFieldValue[T] (System.String field) [0x00001] in <800d53a62f6240719bfad768be011f42>:0 
  at ZEPETO.World.Editor.WorldPackageEditorUtils.get_ZepetoMinVersion () [0x00000] in <800d53a62f6240719bfad768be011f42>:0 
  at ZEPETO.World.Editor.Editor.WorldEditorInitializer.EditorInitializer () [0x00001] in <800d53a62f6240719bfad768be011f42>:0 

Mono: successfully reloaded assembly
- Completed reload, in  1.153 seconds
Platform modules already initialized, skipping
Refreshing native plugins compatible for Editor in 0.93 ms, found 4 plugins.
Preloading 0 native plugins for Editor in 0.00 ms.
Unloading 1879 Unused Serialized files (Serialized files now loaded: 0)
System memory in use before: 107.8 MB.
System memory in use after: 108.0 MB.

Unloading 105 unused Assets to reduce memory usage. Loaded Objects now: 2836.
Total: 2.564100 ms (FindLiveObjects: 0.234200 ms CreateObjectMapping: 0.088500 ms MarkObjects: 2.201500 ms  DeleteObjects: 0.039000 ms)

========================================================================
Received Prepare
Registering precompiled user dll's ...
Registered in 0.093226 seconds.
Begin MonoManager ReloadAssembly
Native extension for WindowsStandalone target not found
Refreshing native plugins compatible for Editor in 1.05 ms, found 4 plugins.
Preloading 0 native plugins for Editor in 0.00 ms.
NullReferenceException: Object reference not set to an instance of an object
  at ZEPETO.World.Editor.WorldEditorSettings.IsZaizai () [0x00014] in <c723ad8419a1443b99dfb846a9c79f4c>:0 
  at ZEPETO.World.Editor.WorldEditorSettings.SelectDevelopment () [0x00000] in <c723ad8419a1443b99dfb846a9c79f4c>:0 
  at ZEPETO.World.Editor.WorldEditorSettings.get_Development () [0x0000d] in <c723ad8419a1443b99dfb846a9c79f4c>:0 
  at ZEPETO.World.Editor.WorldEnvironmentInitializer.MultiplaySettingInitialize () [0x00001] in <800d53a62f6240719bfad768be011f42>:0 
  at ZEPETO.World.Editor.WorldEnvironmentInitializer.InitializeOnLoadMethod () [0x00001] in <800d53a62f6240719bfad768be011f42>:0 

NullReferenceException: Object reference not set to an instance of an object
  at ZEPETO.World.Editor.WorldEditorSettings.IsZaizai () [0x00014] in <c723ad8419a1443b99dfb846a9c79f4c>:0 
  at ZEPETO.World.Editor.WorldEditorSettings.SelectDevelopment () [0x00000] in <c723ad8419a1443b99dfb846a9c79f4c>:0 
  at ZEPETO.World.Editor.WorldEditorSettings.get_Development () [0x0000d] in <c723ad8419a1443b99dfb846a9c79f4c>:0 
  at ZEPETO.World.Editor.WorldEditorSettings.get_BuiltinSettings () [0x00000] in <c723ad8419a1443b99dfb846a9c79f4c>:0 
  at ZEPETO.World.Editor.WorldEditorSettings.get_ActiveSetting () [0x00023] in <c723ad8419a1443b99dfb846a9c79f4c>:0 
  at ZEPETO.World.Editor.EditorPropertyRequestService.RequestPropertiesAsync[T] (System.String key) [0x00001] in <800d53a62f6240719bfad768be011f42>:0 
  at ZEPETO.World.Editor.EngineSettings.LoadEngineSettings () [0x00001] in <800d53a62f6240719bfad768be011f42>:0 
  at ZEPETO.World.Editor.EngineSettings.Initialize () [0x00052] in <800d53a62f6240719bfad768be011f42>:0 

NullReferenceException: Object reference not set to an instance of an object
  at ZEPETO.World.Editor.WorldEditorSettings.IsZaizai () [0x00014] in <c723ad8419a1443b99dfb846a9c79f4c>:0 
  at ZEPETO.World.Editor.WorldEditorSettings.SelectDevelopment () [0x00000] in <c723ad8419a1443b99dfb846a9c79f4c>:0 
  at ZEPETO.World.Editor.WorldEditorSettings.get_Development () [0x0000d] in <c723ad8419a1443b99dfb846a9c79f4c>:0 
  at ZEPETO.World.Editor.WorldEditorSettings.get_BuiltinSettings () [0x00000] in <c723ad8419a1443b99dfb846a9c79f4c>:0 
  at ZEPETO.World.Editor.WorldEditorSettings.get_ActiveSetting () [0x00023] in <c723ad8419a1443b99dfb846a9c79f4c>:0 
  at ZEPETO.World.Editor.EditorPropertyRequestService.RequestPropertiesAsync[T] (System.String key) [0x00001] in <800d53a62f6240719bfad768be011f42>:0 
  at ZEPETO.World.Editor.ForbiddenTypes.LoadForbiddenTypes () [0x00001] in <800d53a62f6240719bfad768be011f42>:0 
  at ZEPETO.World.Editor.ForbiddenTypes.Initialize () [0x00052] in <800d53a62f6240719bfad768be011f42>:0 

NullReferenceException: Object reference not set to an instance of an object
  at ZEPETO.World.Editor.WorldPackageEditorUtils.GetDeserializedWorldPackageInfo () [0x00016] in <800d53a62f6240719bfad768be011f42>:0 
  at ZEPETO.World.Editor.WorldPackageEditorUtils.GetFieldValue[T] (System.String field) [0x00001] in <800d53a62f6240719bfad768be011f42>:0 
  at ZEPETO.World.Editor.WorldPackageEditorUtils.get_ZepetoMinVersion () [0x00000] in <800d53a62f6240719bfad768be011f42>:0 
  at ZEPETO.World.Editor.Editor.WorldEditorInitializer.EditorInitializer () [0x00001] in <800d53a62f6240719bfad768be011f42>:0 

Mono: successfully reloaded assembly
- Completed reload, in  1.246 seconds
Platform modules already initialized, skipping
Refreshing native plugins compatible for Editor in 0.98 ms, found 4 plugins.
Preloading 0 native plugins for Editor in 0.00 ms.
Unloading 1879 Unused Serialized files (Serialized files now loaded: 0)
System memory in use before: 107.7 MB.
System memory in use after: 107.9 MB.

Unloading 105 unused Assets to reduce memory usage. Loaded Objects now: 2839.
Total: 2.892700 ms (FindLiveObjects: 0.286600 ms CreateObjectMapping: 0.132300 ms MarkObjects: 2.420900 ms  DeleteObjects: 0.051900 ms)

========================================================================
Received Import Request.
  Time since last request: 224.784634 seconds.
  path: Assets/Material/textBackground2.mat
  artifactKey: Guid(dd3aa650ed043fd4b84f1045fe2066f5) Importer(815301076,1909f56bfc062723c751e8b465ee728b)
Start importing Assets/Material/textBackground2.mat using Guid(dd3aa650ed043fd4b84f1045fe2066f5) Importer(815301076,1909f56bfc062723c751e8b465ee728b)  -> (artifact id: '7b8a0b8f70759f2b9f66ee0cef8d9bbf') in 0.066132 seconds
  Import took 0.070241 seconds .

========================================================================
Received Import Request.
  Time since last request: 0.000252 seconds.
  path: Assets/Material/textBackground3.mat
  artifactKey: Guid(b91e8c7af6e2741488de41ccdbcb9604) Importer(815301076,1909f56bfc062723c751e8b465ee728b)
Start importing Assets/Material/textBackground3.mat using Guid(b91e8c7af6e2741488de41ccdbcb9604) Importer(815301076,1909f56bfc062723c751e8b465ee728b)  -> (artifact id: 'f2a5b784602cbaee6f7a0f6aa2ba820e') in 0.011196 seconds
  Import took 0.014792 seconds .

========================================================================
Received Import Request.
  Time since last request: 804.777255 seconds.
  path: Assets/AssetPackages/danthaigames/DS Arcade Pack 01
  artifactKey: Guid(afe52972b75a573469f816f0e67f5037) Importer(815301076,1909f56bfc062723c751e8b465ee728b)
Start importing Assets/AssetPackages/danthaigames/DS Arcade Pack 01 using Guid(afe52972b75a573469f816f0e67f5037) Importer(815301076,1909f56bfc062723c751e8b465ee728b)  -> (artifact id: '71bae8025d2619666808abdf0e1c85f9') in 0.004115 seconds
  Import took 0.008307 seconds .

========================================================================
Received Import Request.
  Time since last request: 2.648966 seconds.
  path: Assets/AssetPackages/danthaigames
  artifactKey: Guid(ce80bac4309f49f40bc44f8c3a947ff9) Importer(815301076,1909f56bfc062723c751e8b465ee728b)
Start importing Assets/AssetPackages/danthaigames using Guid(ce80bac4309f49f40bc44f8c3a947ff9) Importer(815301076,1909f56bfc062723c751e8b465ee728b)  -> (artifact id: 'ed59555dbf03d32692b0f09e50eae3e8') in 0.003800 seconds
  Import took 0.008093 seconds .

========================================================================
Received Import Request.
  Time since last request: 2.276050 seconds.
  path: Assets/AssetPackages/danthaigames/DS Arcade Pack 01/Prefabs
  artifactKey: Guid(b0d5df508245d0c4b8fbbb4e9be5e128) Importer(815301076,1909f56bfc062723c751e8b465ee728b)
Start importing Assets/AssetPackages/danthaigames/DS Arcade Pack 01/Prefabs using Guid(b0d5df508245d0c4b8fbbb4e9be5e128) Importer(815301076,1909f56bfc062723c751e8b465ee728b)  -> (artifact id: 'bca7251edf389f2f5c8c1d8a0b47bbe8') in 0.004058 seconds
  Import took 0.007261 seconds .

========================================================================
Received Import Request.
  Time since last request: 0.055778 seconds.
  path: Assets/AssetPackages/danthaigames/DS Arcade Pack 01/Prefabs/ArcadeCabinet_01.prefab
  artifactKey: Guid(2f1d0a7a525e5a84d976ce1371b65d90) Importer(815301076,1909f56bfc062723c751e8b465ee728b)
Start importing Assets/AssetPackages/danthaigames/DS Arcade Pack 01/Prefabs/ArcadeCabinet_01.prefab using Guid(2f1d0a7a525e5a84d976ce1371b65d90) Importer(815301076,1909f56bfc062723c751e8b465ee728b)  -> (artifact id: '4527da940d5f929557e902a3b9507c1a') in 0.391027 seconds
  Import took 0.394848 seconds .

========================================================================
Received Import Request.
  Time since last request: 0.000211 seconds.
  path: Assets/AssetPackages/danthaigames/DS Arcade Pack 01/Prefabs/ArcadeCabinet_02.prefab
  artifactKey: Guid(a201128ca36f5044ebd1fb413c9ab829) Importer(815301076,1909f56bfc062723c751e8b465ee728b)
Start importing Assets/AssetPackages/danthaigames/DS Arcade Pack 01/Prefabs/ArcadeCabinet_02.prefab using Guid(a201128ca36f5044ebd1fb413c9ab829) Importer(815301076,1909f56bfc062723c751e8b465ee728b)  -> (artifact id: '81dd5fc0102616b1820526aab405b9d7') in 0.025927 seconds
  Import took 0.030029 seconds .

========================================================================
Received Import Request.
  Time since last request: 0.000242 seconds.
  path: Assets/AssetPackages/danthaigames/DS Arcade Pack 01/Prefabs/ArcadeCabinet_03.prefab
  artifactKey: Guid(955e9baf3e922734e8012c49a8a39fb1) Importer(815301076,1909f56bfc062723c751e8b465ee728b)
Start importing Assets/AssetPackages/danthaigames/DS Arcade Pack 01/Prefabs/ArcadeCabinet_03.prefab using Guid(955e9baf3e922734e8012c49a8a39fb1) Importer(815301076,1909f56bfc062723c751e8b465ee728b)  -> (artifact id: '6deb656795af3120e41420d0d4abf1eb') in 0.020267 seconds
  Import took 0.023934 seconds .

========================================================================
Received Prepare
Registering precompiled user dll's ...
Registered in 0.095588 seconds.
Begin MonoManager ReloadAssembly
Native extension for WindowsStandalone target not found
Refreshing native plugins compatible for Editor in 0.91 ms, found 4 plugins.
Preloading 0 native plugins for Editor in 0.00 ms.
NullReferenceException: Object reference not set to an instance of an object
  at ZEPETO.World.Editor.WorldEditorSettings.IsZaizai () [0x00014] in <c723ad8419a1443b99dfb846a9c79f4c>:0 
  at ZEPETO.World.Editor.WorldEditorSettings.SelectDevelopment () [0x00000] in <c723ad8419a1443b99dfb846a9c79f4c>:0 
  at ZEPETO.World.Editor.WorldEditorSettings.get_Development () [0x0000d] in <c723ad8419a1443b99dfb846a9c79f4c>:0 
  at ZEPETO.World.Editor.WorldEnvironmentInitializer.MultiplaySettingInitialize () [0x00001] in <800d53a62f6240719bfad768be011f42>:0 
  at ZEPETO.World.Editor.WorldEnvironmentInitializer.InitializeOnLoadMethod () [0x00001] in <800d53a62f6240719bfad768be011f42>:0 

NullReferenceException: Object reference not set to an instance of an object
  at ZEPETO.World.Editor.WorldEditorSettings.IsZaizai () [0x00014] in <c723ad8419a1443b99dfb846a9c79f4c>:0 
  at ZEPETO.World.Editor.WorldEditorSettings.SelectDevelopment () [0x00000] in <c723ad8419a1443b99dfb846a9c79f4c>:0 
  at ZEPETO.World.Editor.WorldEditorSettings.get_Development () [0x0000d] in <c723ad8419a1443b99dfb846a9c79f4c>:0 
  at ZEPETO.World.Editor.WorldEditorSettings.get_BuiltinSettings () [0x00000] in <c723ad8419a1443b99dfb846a9c79f4c>:0 
  at ZEPETO.World.Editor.WorldEditorSettings.get_ActiveSetting () [0x00023] in <c723ad8419a1443b99dfb846a9c79f4c>:0 
  at ZEPETO.World.Editor.EditorPropertyRequestService.RequestPropertiesAsync[T] (System.String key) [0x00001] in <800d53a62f6240719bfad768be011f42>:0 
  at ZEPETO.World.Editor.EngineSettings.LoadEngineSettings () [0x00001] in <800d53a62f6240719bfad768be011f42>:0 
  at ZEPETO.World.Editor.EngineSettings.Initialize () [0x00052] in <800d53a62f6240719bfad768be011f42>:0 

NullReferenceException: Object reference not set to an instance of an object
  at ZEPETO.World.Editor.WorldEditorSettings.IsZaizai () [0x00014] in <c723ad8419a1443b99dfb846a9c79f4c>:0 
  at ZEPETO.World.Editor.WorldEditorSettings.SelectDevelopment () [0x00000] in <c723ad8419a1443b99dfb846a9c79f4c>:0 
  at ZEPETO.World.Editor.WorldEditorSettings.get_Development () [0x0000d] in <c723ad8419a1443b99dfb846a9c79f4c>:0 
  at ZEPETO.World.Editor.WorldEditorSettings.get_BuiltinSettings () [0x00000] in <c723ad8419a1443b99dfb846a9c79f4c>:0 
  at ZEPETO.World.Editor.WorldEditorSettings.get_ActiveSetting () [0x00023] in <c723ad8419a1443b99dfb846a9c79f4c>:0 
  at ZEPETO.World.Editor.EditorPropertyRequestService.RequestPropertiesAsync[T] (System.String key) [0x00001] in <800d53a62f6240719bfad768be011f42>:0 
  at ZEPETO.World.Editor.ForbiddenTypes.LoadForbiddenTypes () [0x00001] in <800d53a62f6240719bfad768be011f42>:0 
  at ZEPETO.World.Editor.ForbiddenTypes.Initialize () [0x00052] in <800d53a62f6240719bfad768be011f42>:0 

NullReferenceException: Object reference not set to an instance of an object
  at ZEPETO.World.Editor.WorldPackageEditorUtils.GetDeserializedWorldPackageInfo () [0x00016] in <800d53a62f6240719bfad768be011f42>:0 
  at ZEPETO.World.Editor.WorldPackageEditorUtils.GetFieldValue[T] (System.String field) [0x00001] in <800d53a62f6240719bfad768be011f42>:0 
  at ZEPETO.World.Editor.WorldPackageEditorUtils.get_ZepetoMinVersion () [0x00000] in <800d53a62f6240719bfad768be011f42>:0 
  at ZEPETO.World.Editor.Editor.WorldEditorInitializer.EditorInitializer () [0x00001] in <800d53a62f6240719bfad768be011f42>:0 

Mono: successfully reloaded assembly
- Completed reload, in  1.117 seconds
Platform modules already initialized, skipping
Refreshing native plugins compatible for Editor in 0.91 ms, found 4 plugins.
Preloading 0 native plugins for Editor in 0.00 ms.
Unloading 1879 Unused Serialized files (Serialized files now loaded: 0)
System memory in use before: 107.8 MB.
System memory in use after: 108.0 MB.

Unloading 105 unused Assets to reduce memory usage. Loaded Objects now: 2843.
Total: 2.524100 ms (FindLiveObjects: 0.233100 ms CreateObjectMapping: 0.083800 ms MarkObjects: 2.167300 ms  DeleteObjects: 0.039000 ms)

========================================================================
Received Import Request.
  Time since last request: 1185.010236 seconds.
  path: Assets/Brick Project Studio/Apartment Kit
  artifactKey: Guid(6315d9097f0ef714cb63b945663ecbb3) Importer(815301076,1909f56bfc062723c751e8b465ee728b)
Start importing Assets/Brick Project Studio/Apartment Kit using Guid(6315d9097f0ef714cb63b945663ecbb3) Importer(815301076,1909f56bfc062723c751e8b465ee728b)  -> (artifact id: '6d205ce57421b5d474967c850a6e1d61') in 0.007558 seconds
  Import took 0.011181 seconds .

========================================================================
Received Import Request.
  Time since last request: 6.242912 seconds.
  path: Assets/AssetPackages/Brick Project Studio/Apartment Kit/Common
  artifactKey: Guid(f258763b685e7924685dcc28219c17df) Importer(815301076,1909f56bfc062723c751e8b465ee728b)
Start importing Assets/AssetPackages/Brick Project Studio/Apartment Kit/Common using Guid(f258763b685e7924685dcc28219c17df) Importer(815301076,1909f56bfc062723c751e8b465ee728b)  -> (artifact id: '9c4cfab553d4780040c8e642a160f175') in 0.004470 seconds
  Import took 0.013656 seconds .

========================================================================
Received Import Request.
  Time since last request: 0.529376 seconds.
  path: Assets/AssetPackages/Brick Project Studio/Apartment Kit/_Prefabs
  artifactKey: Guid(3311df2ab1633d845bde5691f2f600f1) Importer(815301076,1909f56bfc062723c751e8b465ee728b)
Start importing Assets/AssetPackages/Brick Project Studio/Apartment Kit/_Prefabs using Guid(3311df2ab1633d845bde5691f2f600f1) Importer(815301076,1909f56bfc062723c751e8b465ee728b)  -> (artifact id: '987e8a90a91fcc330b5bf96915e16eda') in 0.003780 seconds
  Import took 0.007087 seconds .

========================================================================
Received Import Request.
  Time since last request: 1.758765 seconds.
  path: Assets/AssetPackages/Brick Project Studio/Apartment Kit/_Prefabs/Props
  artifactKey: Guid(02e76bb95b2116e42b266711b1f8545c) Importer(815301076,1909f56bfc062723c751e8b465ee728b)
Start importing Assets/AssetPackages/Brick Project Studio/Apartment Kit/_Prefabs/Props using Guid(02e76bb95b2116e42b266711b1f8545c) Importer(815301076,1909f56bfc062723c751e8b465ee728b)  -> (artifact id: 'a817a845e6d1f4a7ccbee748bfdb10d0') in 0.009655 seconds
  Import took 0.013294 seconds .

========================================================================
Received Import Request.
  Time since last request: 1.043492 seconds.
  path: Assets/AssetPackages/Brick Project Studio/Apartment Kit/_Prefabs/Props/Art
  artifactKey: Guid(4addefa9a98220647bbb0f022fc137d5) Importer(815301076,1909f56bfc062723c751e8b465ee728b)
Start importing Assets/AssetPackages/Brick Project Studio/Apartment Kit/_Prefabs/Props/Art using Guid(4addefa9a98220647bbb0f022fc137d5) Importer(815301076,1909f56bfc062723c751e8b465ee728b)  -> (artifact id: '6129d292c59cda6e717111bae6295a15') in 0.003950 seconds
  Import took 0.007951 seconds .

========================================================================
Received Import Request.
  Time since last request: 0.029745 seconds.
  path: Assets/AssetPackages/Brick Project Studio/Apartment Kit/_Prefabs/Props/Art/Canvas_Nat_01.prefab
  artifactKey: Guid(ce0bc08e90169b64a82b286ba042f677) Importer(815301076,1909f56bfc062723c751e8b465ee728b)
Start importing Assets/AssetPackages/Brick Project Studio/Apartment Kit/_Prefabs/Props/Art/Canvas_Nat_01.prefab using Guid(ce0bc08e90169b64a82b286ba042f677) Importer(815301076,1909f56bfc062723c751e8b465ee728b)  -> (artifact id: '22b796b3982dc7b24279ca5bc8dfcb67') in 0.080350 seconds
  Import took 0.083759 seconds .

========================================================================
Received Import Request.
  Time since last request: 0.000242 seconds.
  path: Assets/AssetPackages/Brick Project Studio/Apartment Kit/_Prefabs/Props/Art/Canvas_Nat_05.prefab
  artifactKey: Guid(4f13e2e193b7411478434edd7b149917) Importer(815301076,1909f56bfc062723c751e8b465ee728b)
Start importing Assets/AssetPackages/Brick Project Studio/Apartment Kit/_Prefabs/Props/Art/Canvas_Nat_05.prefab using Guid(4f13e2e193b7411478434edd7b149917) Importer(815301076,1909f56bfc062723c751e8b465ee728b)  -> (artifact id: 'fc4e783f3fc36e80493d3fed7224101f') in 0.012721 seconds
  Import took 0.016194 seconds .

========================================================================
Received Import Request.
  Time since last request: 0.000198 seconds.
  path: Assets/AssetPackages/Brick Project Studio/Apartment Kit/_Prefabs/Props/Art/Canvas_Painting_03.prefab
  artifactKey: Guid(4f9e8d17d08a3d346909d5dc0f404d80) Importer(815301076,1909f56bfc062723c751e8b465ee728b)
Start importing Assets/AssetPackages/Brick Project Studio/Apartment Kit/_Prefabs/Props/Art/Canvas_Painting_03.prefab using Guid(4f9e8d17d08a3d346909d5dc0f404d80) Importer(815301076,1909f56bfc062723c751e8b465ee728b)  -> (artifact id: '1ea882d1e438f7d129252e236f263058') in 0.006277 seconds
  Import took 0.009659 seconds .

========================================================================
Received Import Request.
  Time since last request: 0.000199 seconds.
  path: Assets/AssetPackages/Brick Project Studio/Apartment Kit/_Prefabs/Props/Art/Canvas_Nat_04.prefab
  artifactKey: Guid(75b51d9bb1b7e4d4b89e8edc75336c34) Importer(815301076,1909f56bfc062723c751e8b465ee728b)
Start importing Assets/AssetPackages/Brick Project Studio/Apartment Kit/_Prefabs/Props/Art/Canvas_Nat_04.prefab using Guid(75b51d9bb1b7e4d4b89e8edc75336c34) Importer(815301076,1909f56bfc062723c751e8b465ee728b)  -> (artifact id: '5580e94816f5ce70a5fc1a4c325dd701') in 0.029621 seconds
  Import took 0.032492 seconds .

========================================================================
Received Import Request.
  Time since last request: 0.000241 seconds.
  path: Assets/AssetPackages/Brick Project Studio/Apartment Kit/_Prefabs/Props/Art/Canvas_Painting_02.prefab
  artifactKey: Guid(00c4356a751fbc5439abb629f6dc361e) Importer(815301076,1909f56bfc062723c751e8b465ee728b)
Start importing Assets/AssetPackages/Brick Project Studio/Apartment Kit/_Prefabs/Props/Art/Canvas_Painting_02.prefab using Guid(00c4356a751fbc5439abb629f6dc361e) Importer(815301076,1909f56bfc062723c751e8b465ee728b)  -> (artifact id: '2aec285762b4d289c9df17477a65d8d6') in 0.005713 seconds
  Import took 0.009140 seconds .

========================================================================
Received Import Request.
  Time since last request: 0.000222 seconds.
  path: Assets/AssetPackages/Brick Project Studio/Apartment Kit/_Prefabs/Props/Art/Canvas_Nat_08.prefab
  artifactKey: Guid(81681dbb7b5c6134ba68a4e523911dc4) Importer(815301076,1909f56bfc062723c751e8b465ee728b)
Start importing Assets/AssetPackages/Brick Project Studio/Apartment Kit/_Prefabs/Props/Art/Canvas_Nat_08.prefab using Guid(81681dbb7b5c6134ba68a4e523911dc4) Importer(815301076,1909f56bfc062723c751e8b465ee728b)  -> (artifact id: 'a75dbcd903d9e74dd7cb11fd85a8ecff') in 0.012082 seconds
  Import took 0.015129 seconds .

========================================================================
Received Import Request.
  Time since last request: 0.000255 seconds.
  path: Assets/AssetPackages/Brick Project Studio/Apartment Kit/_Prefabs/Props/Art/Canvas_Nat_03.prefab
  artifactKey: Guid(340937d0c3254e04b821007b8536c465) Importer(815301076,1909f56bfc062723c751e8b465ee728b)
Start importing Assets/AssetPackages/Brick Project Studio/Apartment Kit/_Prefabs/Props/Art/Canvas_Nat_03.prefab using Guid(340937d0c3254e04b821007b8536c465) Importer(815301076,1909f56bfc062723c751e8b465ee728b)  -> (artifact id: '9c0052b6f42805d77f52284447d34faa') in 0.014290 seconds
  Import took 0.017507 seconds .

========================================================================
Received Import Request.
  Time since last request: 0.000217 seconds.
  path: Assets/AssetPackages/Brick Project Studio/Apartment Kit/_Prefabs/Props/Art/Canvas_Nat_06.prefab
  artifactKey: Guid(0bb0235386000d5498a4c894bd92c757) Importer(815301076,1909f56bfc062723c751e8b465ee728b)
Start importing Assets/AssetPackages/Brick Project Studio/Apartment Kit/_Prefabs/Props/Art/Canvas_Nat_06.prefab using Guid(0bb0235386000d5498a4c894bd92c757) Importer(815301076,1909f56bfc062723c751e8b465ee728b)  -> (artifact id: 'b8486c9de129c3cfb3bc2de936e7c72e') in 0.012295 seconds
  Import took 0.015497 seconds .

========================================================================
Received Import Request.
  Time since last request: 0.000210 seconds.
  path: Assets/AssetPackages/Brick Project Studio/Apartment Kit/_Prefabs/Props/Art/Canvas_Nat_02.prefab
  artifactKey: Guid(4d476d9fee396a74db28e7095af9245d) Importer(815301076,1909f56bfc062723c751e8b465ee728b)
Start importing Assets/AssetPackages/Brick Project Studio/Apartment Kit/_Prefabs/Props/Art/Canvas_Nat_02.prefab using Guid(4d476d9fee396a74db28e7095af9245d) Importer(815301076,1909f56bfc062723c751e8b465ee728b)  -> (artifact id: 'db46ec542aac1fd9c4c0840c2778add3') in 0.013880 seconds
  Import took 0.017454 seconds .

========================================================================
Received Import Request.
  Time since last request: 0.000215 seconds.
  path: Assets/AssetPackages/Brick Project Studio/Apartment Kit/_Prefabs/Props/Art/Canvas_Painting_01.prefab
  artifactKey: Guid(034a790e51efb8c42af98f9b7728dfe6) Importer(815301076,1909f56bfc062723c751e8b465ee728b)
Start importing Assets/AssetPackages/Brick Project Studio/Apartment Kit/_Prefabs/Props/Art/Canvas_Painting_01.prefab using Guid(034a790e51efb8c42af98f9b7728dfe6) Importer(815301076,1909f56bfc062723c751e8b465ee728b)  -> (artifact id: '2ac8b41200fe60f6706ddcfdc0876545') in 0.005595 seconds
  Import took 0.008408 seconds .

========================================================================
Received Import Request.
  Time since last request: 0.000219 seconds.
  path: Assets/AssetPackages/Brick Project Studio/Apartment Kit/_Prefabs/Props/Art/Canvas_Nat_07.prefab
  artifactKey: Guid(c5077b26080c7034cb161dfdaaf22c87) Importer(815301076,1909f56bfc062723c751e8b465ee728b)
Start importing Assets/AssetPackages/Brick Project Studio/Apartment Kit/_Prefabs/Props/Art/Canvas_Nat_07.prefab using Guid(c5077b26080c7034cb161dfdaaf22c87) Importer(815301076,1909f56bfc062723c751e8b465ee728b)  -> (artifact id: 'e3b2916009196793dc613c6a74b085b0') in 0.010844 seconds
  Import took 0.013570 seconds .

========================================================================
Received Import Request.
  Time since last request: 121.461113 seconds.
  path: Assets/AssetPackages/Brick Project Studio/Apartment Kit/_Prefabs/Furniture
  artifactKey: Guid(21a0e291e1f508745aed1c49b27d5434) Importer(815301076,1909f56bfc062723c751e8b465ee728b)
Start importing Assets/AssetPackages/Brick Project Studio/Apartment Kit/_Prefabs/Furniture using Guid(21a0e291e1f508745aed1c49b27d5434) Importer(815301076,1909f56bfc062723c751e8b465ee728b)  -> (artifact id: 'ce4576578915ed200613330b19480cd2') in 0.004078 seconds
  Import took 0.012895 seconds .

========================================================================
Received Import Request.
  Time since last request: 0.552634 seconds.
  path: Assets/AssetPackages/Brick Project Studio/Apartment Kit/_Prefabs/Furniture/Living Room
  artifactKey: Guid(53e140c5a0581424493108af1eb65836) Importer(815301076,1909f56bfc062723c751e8b465ee728b)
Start importing Assets/AssetPackages/Brick Project Studio/Apartment Kit/_Prefabs/Furniture/Living Room using Guid(53e140c5a0581424493108af1eb65836) Importer(815301076,1909f56bfc062723c751e8b465ee728b)  -> (artifact id: '1e0cb9ac486c70d0083513860d321377') in 0.003674 seconds
  Import took 0.013491 seconds .

========================================================================
Received Import Request.
  Time since last request: 0.055919 seconds.
  path: Assets/AssetPackages/Brick Project Studio/Apartment Kit/_Prefabs/Furniture/Living Room/Sofa_Apt_01.prefab
  artifactKey: Guid(d46fa1eeedbcb0e41b8c735b2594b434) Importer(815301076,1909f56bfc062723c751e8b465ee728b)
Start importing Assets/AssetPackages/Brick Project Studio/Apartment Kit/_Prefabs/Furniture/Living Room/Sofa_Apt_01.prefab using Guid(d46fa1eeedbcb0e41b8c735b2594b434) Importer(815301076,1909f56bfc062723c751e8b465ee728b)  -> (artifact id: 'be13e8adea9ef9c671df9f5bf8c13be3') in 0.006294 seconds
  Import took 0.009640 seconds .

========================================================================
Received Import Request.
  Time since last request: 0.000282 seconds.
  path: Assets/AssetPackages/Brick Project Studio/Apartment Kit/_Prefabs/Furniture/Living Room/Table_Computer_01_Setup.prefab
  artifactKey: Guid(7699f5af06713974ba61777a8a830f6e) Importer(815301076,1909f56bfc062723c751e8b465ee728b)
Start importing Assets/AssetPackages/Brick Project Studio/Apartment Kit/_Prefabs/Furniture/Living Room/Table_Computer_01_Setup.prefab using Guid(7699f5af06713974ba61777a8a830f6e) Importer(815301076,1909f56bfc062723c751e8b465ee728b)  -> (artifact id: '8f774c5ea315067855bf17a5452238b9') in 0.005121 seconds
  Import took 0.007730 seconds .

========================================================================
Received Import Request.
  Time since last request: 0.000237 seconds.
  path: Assets/AssetPackages/Brick Project Studio/Apartment Kit/_Prefabs/Furniture/Living Room/Sofa_Apt_02.prefab
  artifactKey: Guid(266d5a1d00e2ac2479b93bdd1914ad78) Importer(815301076,1909f56bfc062723c751e8b465ee728b)
Start importing Assets/AssetPackages/Brick Project Studio/Apartment Kit/_Prefabs/Furniture/Living Room/Sofa_Apt_02.prefab using Guid(266d5a1d00e2ac2479b93bdd1914ad78) Importer(815301076,1909f56bfc062723c751e8b465ee728b)  -> (artifact id: '2d1732de869c5ddf57d988d4afd234d2') in 0.006035 seconds
  Import took 0.009487 seconds .

========================================================================
Received Import Request.
  Time since last request: 10.043641 seconds.
  path: Assets/AssetPackages/Brick Project Studio/Apartment Kit/Common/Materials
  artifactKey: Guid(120d25fd7aaa0004dbfd6cc11d6405a5) Importer(815301076,1909f56bfc062723c751e8b465ee728b)
Start importing Assets/AssetPackages/Brick Project Studio/Apartment Kit/Common/Materials using Guid(120d25fd7aaa0004dbfd6cc11d6405a5) Importer(815301076,1909f56bfc062723c751e8b465ee728b)  -> (artifact id: 'aef1af992a3031a3ad92c104f6a24075') in 0.003818 seconds
  Import took 0.007283 seconds .

========================================================================
Received Import Request.
  Time since last request: 0.784876 seconds.
  path: Assets/AssetPackages/Brick Project Studio/Apartment Kit/Common/Models
  artifactKey: Guid(0e1a7a4954a0e0d47b38ada5fb16bf04) Importer(815301076,1909f56bfc062723c751e8b465ee728b)
Start importing Assets/AssetPackages/Brick Project Studio/Apartment Kit/Common/Models using Guid(0e1a7a4954a0e0d47b38ada5fb16bf04) Importer(815301076,1909f56bfc062723c751e8b465ee728b)  -> (artifact id: '2d89b2e5b09567ef5ce2b59823f27d1b') in 0.003793 seconds
  Import took 0.013319 seconds .

========================================================================
Received Prepare
Registering precompiled user dll's ...
Registered in 0.105282 seconds.
Begin MonoManager ReloadAssembly
Native extension for WindowsStandalone target not found
Refreshing native plugins compatible for Editor in 0.92 ms, found 4 plugins.
Preloading 0 native plugins for Editor in 0.00 ms.
NullReferenceException: Object reference not set to an instance of an object
  at ZEPETO.World.Editor.WorldEditorSettings.IsZaizai () [0x00014] in <c723ad8419a1443b99dfb846a9c79f4c>:0 
  at ZEPETO.World.Editor.WorldEditorSettings.SelectDevelopment () [0x00000] in <c723ad8419a1443b99dfb846a9c79f4c>:0 
  at ZEPETO.World.Editor.WorldEditorSettings.get_Development () [0x0000d] in <c723ad8419a1443b99dfb846a9c79f4c>:0 
  at ZEPETO.World.Editor.WorldEnvironmentInitializer.MultiplaySettingInitialize () [0x00001] in <800d53a62f6240719bfad768be011f42>:0 
  at ZEPETO.World.Editor.WorldEnvironmentInitializer.InitializeOnLoadMethod () [0x00001] in <800d53a62f6240719bfad768be011f42>:0 

NullReferenceException: Object reference not set to an instance of an object
  at ZEPETO.World.Editor.WorldEditorSettings.IsZaizai () [0x00014] in <c723ad8419a1443b99dfb846a9c79f4c>:0 
  at ZEPETO.World.Editor.WorldEditorSettings.SelectDevelopment () [0x00000] in <c723ad8419a1443b99dfb846a9c79f4c>:0 
  at ZEPETO.World.Editor.WorldEditorSettings.get_Development () [0x0000d] in <c723ad8419a1443b99dfb846a9c79f4c>:0 
  at ZEPETO.World.Editor.WorldEditorSettings.get_BuiltinSettings () [0x00000] in <c723ad8419a1443b99dfb846a9c79f4c>:0 
  at ZEPETO.World.Editor.WorldEditorSettings.get_ActiveSetting () [0x00023] in <c723ad8419a1443b99dfb846a9c79f4c>:0 
  at ZEPETO.World.Editor.EditorPropertyRequestService.RequestPropertiesAsync[T] (System.String key) [0x00001] in <800d53a62f6240719bfad768be011f42>:0 
  at ZEPETO.World.Editor.EngineSettings.LoadEngineSettings () [0x00001] in <800d53a62f6240719bfad768be011f42>:0 
  at ZEPETO.World.Editor.EngineSettings.Initialize () [0x00052] in <800d53a62f6240719bfad768be011f42>:0 

NullReferenceException: Object reference not set to an instance of an object
  at ZEPETO.World.Editor.WorldEditorSettings.IsZaizai () [0x00014] in <c723ad8419a1443b99dfb846a9c79f4c>:0 
  at ZEPETO.World.Editor.WorldEditorSettings.SelectDevelopment () [0x00000] in <c723ad8419a1443b99dfb846a9c79f4c>:0 
  at ZEPETO.World.Editor.WorldEditorSettings.get_Development () [0x0000d] in <c723ad8419a1443b99dfb846a9c79f4c>:0 
  at ZEPETO.World.Editor.WorldEditorSettings.get_BuiltinSettings () [0x00000] in <c723ad8419a1443b99dfb846a9c79f4c>:0 
  at ZEPETO.World.Editor.WorldEditorSettings.get_ActiveSetting () [0x00023] in <c723ad8419a1443b99dfb846a9c79f4c>:0 
  at ZEPETO.World.Editor.EditorPropertyRequestService.RequestPropertiesAsync[T] (System.String key) [0x00001] in <800d53a62f6240719bfad768be011f42>:0 
  at ZEPETO.World.Editor.ForbiddenTypes.LoadForbiddenTypes () [0x00001] in <800d53a62f6240719bfad768be011f42>:0 
  at ZEPETO.World.Editor.ForbiddenTypes.Initialize () [0x00052] in <800d53a62f6240719bfad768be011f42>:0 

NullReferenceException: Object reference not set to an instance of an object
  at ZEPETO.World.Editor.WorldPackageEditorUtils.GetDeserializedWorldPackageInfo () [0x00016] in <800d53a62f6240719bfad768be011f42>:0 
  at ZEPETO.World.Editor.WorldPackageEditorUtils.GetFieldValue[T] (System.String field) [0x00001] in <800d53a62f6240719bfad768be011f42>:0 
  at ZEPETO.World.Editor.WorldPackageEditorUtils.get_ZepetoMinVersion () [0x00000] in <800d53a62f6240719bfad768be011f42>:0 
  at ZEPETO.World.Editor.Editor.WorldEditorInitializer.EditorInitializer () [0x00001] in <800d53a62f6240719bfad768be011f42>:0 

Mono: successfully reloaded assembly
- Completed reload, in  1.103 seconds
Platform modules already initialized, skipping
Refreshing native plugins compatible for Editor in 0.90 ms, found 4 plugins.
Preloading 0 native plugins for Editor in 0.00 ms.
Unloading 1879 Unused Serialized files (Serialized files now loaded: 0)
System memory in use before: 107.9 MB.
System memory in use after: 108.1 MB.

Unloading 105 unused Assets to reduce memory usage. Loaded Objects now: 2847.
Total: 2.350500 ms (FindLiveObjects: 0.245500 ms CreateObjectMapping: 0.056000 ms MarkObjects: 1.942000 ms  DeleteObjects: 0.106200 ms)

========================================================================
Received Import Request.
  Time since last request: 1390.858734 seconds.
  path: Assets/AssetPackages/Brick Project Studio
  artifactKey: Guid(39f8a5732a15f774e8d434c1ce70a764) Importer(815301076,1909f56bfc062723c751e8b465ee728b)
Start importing Assets/AssetPackages/Brick Project Studio using Guid(39f8a5732a15f774e8d434c1ce70a764) Importer(815301076,1909f56bfc062723c751e8b465ee728b)  -> (artifact id: '8b7f710c1dd5132b81ae201a8f7343e2') in 0.007123 seconds
  Import took 0.017272 seconds .

========================================================================
Received Import Request.
  Time since last request: 841.246528 seconds.
  path: Assets/Material/New Material.mat
  artifactKey: Guid(8299285f776991a488bca86d04ce12b2) Importer(815301076,1909f56bfc062723c751e8b465ee728b)
Start importing Assets/Material/New Material.mat using Guid(8299285f776991a488bca86d04ce12b2) Importer(815301076,1909f56bfc062723c751e8b465ee728b)  -> (artifact id: 'd3e23d04c5e08c54ba2ca0305ff77ac9') in 0.068611 seconds
  Import took 0.072030 seconds .

========================================================================
Received Import Request.
  Time since last request: 6.188772 seconds.
  path: Assets/Material/textBackground4.mat
  artifactKey: Guid(8299285f776991a488bca86d04ce12b2) Importer(815301076,1909f56bfc062723c751e8b465ee728b)
Start importing Assets/Material/textBackground4.mat using Guid(8299285f776991a488bca86d04ce12b2) Importer(815301076,1909f56bfc062723c751e8b465ee728b)  -> (artifact id: 'b0bf414eb855baf227c95f3849cd5c1f') in 0.013217 seconds
  Import took 0.022909 seconds .

========================================================================
Received Import Request.
  Time since last request: 14.606369 seconds.
  path: Assets/Image/background4.png
  artifactKey: Guid(8924c4be5cf6d3b428ecb78f8edbc20b) Importer(815301076,1909f56bfc062723c751e8b465ee728b)
Start importing Assets/Image/background4.png using Guid(8924c4be5cf6d3b428ecb78f8edbc20b) Importer(815301076,1909f56bfc062723c751e8b465ee728b)  -> (artifact id: '189f90e6daac0bbd6c21ddee662dbf30') in 0.016580 seconds
  Import took 0.020695 seconds .

========================================================================
Received Prepare
Registering precompiled user dll's ...
Registered in 0.172878 seconds.
Begin MonoManager ReloadAssembly
Native extension for WindowsStandalone target not found
Refreshing native plugins compatible for Editor in 1.08 ms, found 4 plugins.
Preloading 0 native plugins for Editor in 0.00 ms.
NullReferenceException: Object reference not set to an instance of an object
  at ZEPETO.World.Editor.WorldEditorSettings.IsZaizai () [0x00014] in <c723ad8419a1443b99dfb846a9c79f4c>:0 
  at ZEPETO.World.Editor.WorldEditorSettings.SelectDevelopment () [0x00000] in <c723ad8419a1443b99dfb846a9c79f4c>:0 
  at ZEPETO.World.Editor.WorldEditorSettings.get_Development () [0x0000d] in <c723ad8419a1443b99dfb846a9c79f4c>:0 
  at ZEPETO.World.Editor.WorldEnvironmentInitializer.MultiplaySettingInitialize () [0x00001] in <800d53a62f6240719bfad768be011f42>:0 
  at ZEPETO.World.Editor.WorldEnvironmentInitializer.InitializeOnLoadMethod () [0x00001] in <800d53a62f6240719bfad768be011f42>:0 

NullReferenceException: Object reference not set to an instance of an object
  at ZEPETO.World.Editor.WorldEditorSettings.IsZaizai () [0x00014] in <c723ad8419a1443b99dfb846a9c79f4c>:0 
  at ZEPETO.World.Editor.WorldEditorSettings.SelectDevelopment () [0x00000] in <c723ad8419a1443b99dfb846a9c79f4c>:0 
  at ZEPETO.World.Editor.WorldEditorSettings.get_Development () [0x0000d] in <c723ad8419a1443b99dfb846a9c79f4c>:0 
  at ZEPETO.World.Editor.WorldEditorSettings.get_BuiltinSettings () [0x00000] in <c723ad8419a1443b99dfb846a9c79f4c>:0 
  at ZEPETO.World.Editor.WorldEditorSettings.get_ActiveSetting () [0x00023] in <c723ad8419a1443b99dfb846a9c79f4c>:0 
  at ZEPETO.World.Editor.EditorPropertyRequestService.RequestPropertiesAsync[T] (System.String key) [0x00001] in <800d53a62f6240719bfad768be011f42>:0 
  at ZEPETO.World.Editor.EngineSettings.LoadEngineSettings () [0x00001] in <800d53a62f6240719bfad768be011f42>:0 
  at ZEPETO.World.Editor.EngineSettings.Initialize () [0x00052] in <800d53a62f6240719bfad768be011f42>:0 

NullReferenceException: Object reference not set to an instance of an object
  at ZEPETO.World.Editor.WorldEditorSettings.IsZaizai () [0x00014] in <c723ad8419a1443b99dfb846a9c79f4c>:0 
  at ZEPETO.World.Editor.WorldEditorSettings.SelectDevelopment () [0x00000] in <c723ad8419a1443b99dfb846a9c79f4c>:0 
  at ZEPETO.World.Editor.WorldEditorSettings.get_Development () [0x0000d] in <c723ad8419a1443b99dfb846a9c79f4c>:0 
  at ZEPETO.World.Editor.WorldEditorSettings.get_BuiltinSettings () [0x00000] in <c723ad8419a1443b99dfb846a9c79f4c>:0 
  at ZEPETO.World.Editor.WorldEditorSettings.get_ActiveSetting () [0x00023] in <c723ad8419a1443b99dfb846a9c79f4c>:0 
  at ZEPETO.World.Editor.EditorPropertyRequestService.RequestPropertiesAsync[T] (System.String key) [0x00001] in <800d53a62f6240719bfad768be011f42>:0 
  at ZEPETO.World.Editor.ForbiddenTypes.LoadForbiddenTypes () [0x00001] in <800d53a62f6240719bfad768be011f42>:0 
  at ZEPETO.World.Editor.ForbiddenTypes.Initialize () [0x00052] in <800d53a62f6240719bfad768be011f42>:0 

NullReferenceException: Object reference not set to an instance of an object
  at ZEPETO.World.Editor.WorldPackageEditorUtils.GetDeserializedWorldPackageInfo () [0x00016] in <800d53a62f6240719bfad768be011f42>:0 
  at ZEPETO.World.Editor.WorldPackageEditorUtils.GetFieldValue[T] (System.String field) [0x00001] in <800d53a62f6240719bfad768be011f42>:0 
  at ZEPETO.World.Editor.WorldPackageEditorUtils.get_ZepetoMinVersion () [0x00000] in <800d53a62f6240719bfad768be011f42>:0 
  at ZEPETO.World.Editor.Editor.WorldEditorInitializer.EditorInitializer () [0x00001] in <800d53a62f6240719bfad768be011f42>:0 

Mono: successfully reloaded assembly
- Completed reload, in  1.205 seconds
Platform modules already initialized, skipping
Refreshing native plugins compatible for Editor in 0.96 ms, found 4 plugins.
Preloading 0 native plugins for Editor in 0.00 ms.
Unloading 1879 Unused Serialized files (Serialized files now loaded: 0)
System memory in use before: 107.8 MB.
System memory in use after: 108.1 MB.

Unloading 105 unused Assets to reduce memory usage. Loaded Objects now: 2851.
Total: 2.648300 ms (FindLiveObjects: 0.273300 ms CreateObjectMapping: 0.066900 ms MarkObjects: 2.264300 ms  DeleteObjects: 0.042300 ms)

AssetImportWorkerClient::OnTransportError - code=2 error=End of file
