Using pre-set license
Built from '2020.3/staging' branch; Version is '2020.3.9f1 (108be757e447) revision 1084391'; Using compiler version '192528614'; Build Type 'Release'
OS: 'Windows 10 Home; OS build 19045.4651; Version 2009; 64bit' Language: 'ko' Physical Memory: 15724 MB
BatchMode: 1, IsHumanControllingUs: 0, StartBugReporterOnCrash: 0, Is64bit: 1, IsPro: 0

 COMMAND LINE ARGUMENTS:
C:\Program Files\Unity\Hub\Editor\2020.3.9f1\Editor\Unity.exe
-adb2
-batchMode
-noUpm
-name
AssetImportWorker0
-projectPath
C:/unityProjects/TravelQuizMaster
-logFile
Logs/AssetImportWorker0.log
-srvPort
6156
Successfully changed project path to: C:/unityProjects/TravelQuizMaster
C:/unityProjects/TravelQuizMaster
Using Asset Import Pipeline V2.
Refreshing native plugins compatible for Editor in 90.83 ms, found 4 plugins.
Preloading 0 native plugins for Editor in 0.00 ms.
Initialize engine version: 2020.3.9f1 (108be757e447)
[Subsystems] Discovering subsystems at path C:/Program Files/Unity/Hub/Editor/2020.3.9f1/Editor/Data/Resources/UnitySubsystems
[Subsystems] Discovering subsystems at path C:/unityProjects/TravelQuizMaster/Assets
GfxDevice: creating device client; threaded=0
Direct3D:
    Version:  Direct3D 11.0 [level 11.1]
    Renderer: NVIDIA GeForce RTX 3060 Laptop GPU (ID=0x2520)
    Vendor:   
    VRAM:     6023 MB
    Driver:   30.0.15.1274
Initialize mono
Mono path[0] = 'C:/Program Files/Unity/Hub/Editor/2020.3.9f1/Editor/Data/Managed'
Mono path[1] = 'C:/Program Files/Unity/Hub/Editor/2020.3.9f1/Editor/Data/MonoBleedingEdge/lib/mono/unityjit'
Mono config path = 'C:/Program Files/Unity/Hub/Editor/2020.3.9f1/Editor/Data/MonoBleedingEdge/etc'
Using monoOptions --debugger-agent=transport=dt_socket,embedding=1,server=y,suspend=n,address=127.0.0.1:56936
Begin MonoManager ReloadAssembly
Registering precompiled unity dll's ...
Trying to register platform support module: C:/Program Files/Unity/Hub/Editor/2020.3.9f1/Editor/Data/PlaybackEngines/MacStandaloneSupport/UnityEditor.OSXStandalone.Extensions.dll (that doesn't exist). Retrying without overrides.
Platform support module is not available: C:/Program Files/Unity/Hub/Editor/2020.3.9f1/Editor/Data/PlaybackEngines/MacStandaloneSupport/UnityEditor.OSXStandalone.Extensions.dll
Register platform support module: C:/Program Files/Unity/Hub/Editor/2020.3.9f1/Editor/Data/PlaybackEngines/WindowsStandaloneSupport/UnityEditor.WindowsStandalone.Extensions.dll
Registered in 0.007010 seconds.
Native extension for WindowsStandalone target not found
Refreshing native plugins compatible for Editor in 45.40 ms, found 4 plugins.
Preloading 0 native plugins for Editor in 0.00 ms.
Mono: successfully reloaded assembly
- Completed reload, in  2.443 seconds
Platform modules already initialized, skipping
Registering precompiled user dll's ...
Registered in 0.104721 seconds.
Begin MonoManager ReloadAssembly
Native extension for WindowsStandalone target not found
Refreshing native plugins compatible for Editor in 42.99 ms, found 4 plugins.
Preloading 0 native plugins for Editor in 0.00 ms.
NullReferenceException: Object reference not set to an instance of an object
  at ZEPETO.World.Editor.WorldEditorSettings.IsZaizai () [0x00014] in <c723ad8419a1443b99dfb846a9c79f4c>:0 
  at ZEPETO.World.Editor.WorldEditorSettings.SelectDevelopment () [0x00000] in <c723ad8419a1443b99dfb846a9c79f4c>:0 
  at ZEPETO.World.Editor.WorldEditorSettings.get_Development () [0x0000d] in <c723ad8419a1443b99dfb846a9c79f4c>:0 
  at ZEPETO.World.Editor.WorldEnvironmentInitializer.MultiplaySettingInitialize () [0x00001] in <800d53a62f6240719bfad768be011f42>:0 
  at ZEPETO.World.Editor.WorldEnvironmentInitializer.InitializeOnLoadMethod () [0x00001] in <800d53a62f6240719bfad768be011f42>:0 

NullReferenceException: Object reference not set to an instance of an object
  at ZEPETO.World.Editor.WorldEditorSettings.IsZaizai () [0x00014] in <c723ad8419a1443b99dfb846a9c79f4c>:0 
  at ZEPETO.World.Editor.WorldEditorSettings.SelectDevelopment () [0x00000] in <c723ad8419a1443b99dfb846a9c79f4c>:0 
  at ZEPETO.World.Editor.WorldEditorSettings.get_Development () [0x0000d] in <c723ad8419a1443b99dfb846a9c79f4c>:0 
  at ZEPETO.World.Editor.WorldEditorSettings.get_BuiltinSettings () [0x00000] in <c723ad8419a1443b99dfb846a9c79f4c>:0 
  at ZEPETO.World.Editor.WorldEditorSettings.get_ActiveSetting () [0x00023] in <c723ad8419a1443b99dfb846a9c79f4c>:0 
  at ZEPETO.World.Editor.EditorPropertyRequestService.RequestPropertiesAsync[T] (System.String key) [0x00001] in <800d53a62f6240719bfad768be011f42>:0 
  at ZEPETO.World.Editor.EngineSettings.LoadEngineSettings () [0x00001] in <800d53a62f6240719bfad768be011f42>:0 
  at ZEPETO.World.Editor.EngineSettings.Initialize () [0x00052] in <800d53a62f6240719bfad768be011f42>:0 

NullReferenceException: Object reference not set to an instance of an object
  at ZEPETO.World.Editor.WorldEditorSettings.IsZaizai () [0x00014] in <c723ad8419a1443b99dfb846a9c79f4c>:0 
  at ZEPETO.World.Editor.WorldEditorSettings.SelectDevelopment () [0x00000] in <c723ad8419a1443b99dfb846a9c79f4c>:0 
  at ZEPETO.World.Editor.WorldEditorSettings.get_Development () [0x0000d] in <c723ad8419a1443b99dfb846a9c79f4c>:0 
  at ZEPETO.World.Editor.WorldEditorSettings.get_BuiltinSettings () [0x00000] in <c723ad8419a1443b99dfb846a9c79f4c>:0 
  at ZEPETO.World.Editor.WorldEditorSettings.get_ActiveSetting () [0x00023] in <c723ad8419a1443b99dfb846a9c79f4c>:0 
  at ZEPETO.World.Editor.EditorPropertyRequestService.RequestPropertiesAsync[T] (System.String key) [0x00001] in <800d53a62f6240719bfad768be011f42>:0 
  at ZEPETO.World.Editor.ForbiddenTypes.LoadForbiddenTypes () [0x00001] in <800d53a62f6240719bfad768be011f42>:0 
  at ZEPETO.World.Editor.ForbiddenTypes.Initialize () [0x00052] in <800d53a62f6240719bfad768be011f42>:0 

NullReferenceException: Object reference not set to an instance of an object
  at ZEPETO.World.Editor.WorldPackageEditorUtils.GetDeserializedWorldPackageInfo () [0x00016] in <800d53a62f6240719bfad768be011f42>:0 
  at ZEPETO.World.Editor.WorldPackageEditorUtils.GetFieldValue[T] (System.String field) [0x00001] in <800d53a62f6240719bfad768be011f42>:0 
  at ZEPETO.World.Editor.WorldPackageEditorUtils.get_ZepetoMinVersion () [0x00000] in <800d53a62f6240719bfad768be011f42>:0 
  at ZEPETO.World.Editor.Editor.WorldEditorInitializer.EditorInitializer () [0x00001] in <800d53a62f6240719bfad768be011f42>:0 

Mono: successfully reloaded assembly
- Completed reload, in  1.453 seconds
Platform modules already initialized, skipping
========================================================================
Worker process is ready to serve import requests
Launched and connected shader compiler UnityShaderCompiler.exe after 0.08 seconds
Refreshing native plugins compatible for Editor in 0.81 ms, found 4 plugins.
Preloading 0 native plugins for Editor in 0.00 ms.
Unloading 1976 Unused Serialized files (Serialized files now loaded: 0)
System memory in use before: 109.6 MB.
System memory in use after: 109.8 MB.

Unloading 112 unused Assets to reduce memory usage. Loaded Objects now: 2683.
Total: 2.335200 ms (FindLiveObjects: 0.215200 ms CreateObjectMapping: 0.085100 ms MarkObjects: 1.949000 ms  DeleteObjects: 0.085200 ms)

========================================================================
Received Import Request.
  path: Assets/scripts/OSelect.cs
  artifactKey: Guid(be7d8e440bc039344bd80b97499b1e4a) Importer(815301076,1909f56bfc062723c751e8b465ee728b)
Start importing Assets/scripts/OSelect.cs using Guid(be7d8e440bc039344bd80b97499b1e4a) Importer(815301076,1909f56bfc062723c751e8b465ee728b)  -> (artifact id: '7b0997923a745f54e23c109b98774757') in 0.033590 seconds
  Import took 0.037173 seconds .

========================================================================
Received Import Request.
  Time since last request: 10.111935 seconds.
  path: Assets/scripts/XSelect.cs
  artifactKey: Guid(bbcaa93d2d51bdc4383f0f6ede55bd85) Importer(815301076,1909f56bfc062723c751e8b465ee728b)
Start importing Assets/scripts/XSelect.cs using Guid(bbcaa93d2d51bdc4383f0f6ede55bd85) Importer(815301076,1909f56bfc062723c751e8b465ee728b)  -> (artifact id: '31de1c45d525bcca6394fa22198ee3af') in 0.004286 seconds
  Import took 0.008535 seconds .

========================================================================
Received Import Request.
  Time since last request: 4.740785 seconds.
  path: Assets/scripts/XSelect.cs
  artifactKey: Guid(bbcaa93d2d51bdc4383f0f6ede55bd85) Importer(815301076,1909f56bfc062723c751e8b465ee728b)
Start importing Assets/scripts/XSelect.cs using Guid(bbcaa93d2d51bdc4383f0f6ede55bd85) Importer(815301076,1909f56bfc062723c751e8b465ee728b)  -> (artifact id: 'c1dbdc781b89b0ee8ed09e519d7eb2bf') in 0.004671 seconds
  Import took 0.009400 seconds .

========================================================================
Received Prepare
Registering precompiled user dll's ...
Registered in 0.100850 seconds.
Begin MonoManager ReloadAssembly
Native extension for WindowsStandalone target not found
Refreshing native plugins compatible for Editor in 0.89 ms, found 4 plugins.
Preloading 0 native plugins for Editor in 0.00 ms.
NullReferenceException: Object reference not set to an instance of an object
  at ZEPETO.World.Editor.WorldEditorSettings.IsZaizai () [0x00014] in <c723ad8419a1443b99dfb846a9c79f4c>:0 
  at ZEPETO.World.Editor.WorldEditorSettings.SelectDevelopment () [0x00000] in <c723ad8419a1443b99dfb846a9c79f4c>:0 
  at ZEPETO.World.Editor.WorldEditorSettings.get_Development () [0x0000d] in <c723ad8419a1443b99dfb846a9c79f4c>:0 
  at ZEPETO.World.Editor.WorldEnvironmentInitializer.MultiplaySettingInitialize () [0x00001] in <800d53a62f6240719bfad768be011f42>:0 
  at ZEPETO.World.Editor.WorldEnvironmentInitializer.InitializeOnLoadMethod () [0x00001] in <800d53a62f6240719bfad768be011f42>:0 

NullReferenceException: Object reference not set to an instance of an object
  at ZEPETO.World.Editor.WorldEditorSettings.IsZaizai () [0x00014] in <c723ad8419a1443b99dfb846a9c79f4c>:0 
  at ZEPETO.World.Editor.WorldEditorSettings.SelectDevelopment () [0x00000] in <c723ad8419a1443b99dfb846a9c79f4c>:0 
  at ZEPETO.World.Editor.WorldEditorSettings.get_Development () [0x0000d] in <c723ad8419a1443b99dfb846a9c79f4c>:0 
  at ZEPETO.World.Editor.WorldEditorSettings.get_BuiltinSettings () [0x00000] in <c723ad8419a1443b99dfb846a9c79f4c>:0 
  at ZEPETO.World.Editor.WorldEditorSettings.get_ActiveSetting () [0x00023] in <c723ad8419a1443b99dfb846a9c79f4c>:0 
  at ZEPETO.World.Editor.EditorPropertyRequestService.RequestPropertiesAsync[T] (System.String key) [0x00001] in <800d53a62f6240719bfad768be011f42>:0 
  at ZEPETO.World.Editor.EngineSettings.LoadEngineSettings () [0x00001] in <800d53a62f6240719bfad768be011f42>:0 
  at ZEPETO.World.Editor.EngineSettings.Initialize () [0x00052] in <800d53a62f6240719bfad768be011f42>:0 

NullReferenceException: Object reference not set to an instance of an object
  at ZEPETO.World.Editor.WorldEditorSettings.IsZaizai () [0x00014] in <c723ad8419a1443b99dfb846a9c79f4c>:0 
  at ZEPETO.World.Editor.WorldEditorSettings.SelectDevelopment () [0x00000] in <c723ad8419a1443b99dfb846a9c79f4c>:0 
  at ZEPETO.World.Editor.WorldEditorSettings.get_Development () [0x0000d] in <c723ad8419a1443b99dfb846a9c79f4c>:0 
  at ZEPETO.World.Editor.WorldEditorSettings.get_BuiltinSettings () [0x00000] in <c723ad8419a1443b99dfb846a9c79f4c>:0 
  at ZEPETO.World.Editor.WorldEditorSettings.get_ActiveSetting () [0x00023] in <c723ad8419a1443b99dfb846a9c79f4c>:0 
  at ZEPETO.World.Editor.EditorPropertyRequestService.RequestPropertiesAsync[T] (System.String key) [0x00001] in <800d53a62f6240719bfad768be011f42>:0 
  at ZEPETO.World.Editor.ForbiddenTypes.LoadForbiddenTypes () [0x00001] in <800d53a62f6240719bfad768be011f42>:0 
  at ZEPETO.World.Editor.ForbiddenTypes.Initialize () [0x00052] in <800d53a62f6240719bfad768be011f42>:0 

NullReferenceException: Object reference not set to an instance of an object
  at ZEPETO.World.Editor.WorldPackageEditorUtils.GetDeserializedWorldPackageInfo () [0x00016] in <800d53a62f6240719bfad768be011f42>:0 
  at ZEPETO.World.Editor.WorldPackageEditorUtils.GetFieldValue[T] (System.String field) [0x00001] in <800d53a62f6240719bfad768be011f42>:0 
  at ZEPETO.World.Editor.WorldPackageEditorUtils.get_ZepetoMinVersion () [0x00000] in <800d53a62f6240719bfad768be011f42>:0 
  at ZEPETO.World.Editor.Editor.WorldEditorInitializer.EditorInitializer () [0x00001] in <800d53a62f6240719bfad768be011f42>:0 

Mono: successfully reloaded assembly
- Completed reload, in  1.158 seconds
Platform modules already initialized, skipping
Refreshing native plugins compatible for Editor in 0.90 ms, found 4 plugins.
Preloading 0 native plugins for Editor in 0.00 ms.
Unloading 1886 Unused Serialized files (Serialized files now loaded: 0)
System memory in use before: 103.7 MB.
System memory in use after: 103.9 MB.

Unloading 105 unused Assets to reduce memory usage. Loaded Objects now: 2782.
Total: 2.332800 ms (FindLiveObjects: 0.249500 ms CreateObjectMapping: 0.102500 ms MarkObjects: 1.942500 ms  DeleteObjects: 0.037500 ms)

========================================================================
Received Prepare
Registering precompiled user dll's ...
Registered in 0.096015 seconds.
Begin MonoManager ReloadAssembly
Native extension for WindowsStandalone target not found
Refreshing native plugins compatible for Editor in 0.93 ms, found 4 plugins.
Preloading 0 native plugins for Editor in 0.00 ms.
NullReferenceException: Object reference not set to an instance of an object
  at ZEPETO.World.Editor.WorldEditorSettings.IsZaizai () [0x00014] in <c723ad8419a1443b99dfb846a9c79f4c>:0 
  at ZEPETO.World.Editor.WorldEditorSettings.SelectDevelopment () [0x00000] in <c723ad8419a1443b99dfb846a9c79f4c>:0 
  at ZEPETO.World.Editor.WorldEditorSettings.get_Development () [0x0000d] in <c723ad8419a1443b99dfb846a9c79f4c>:0 
  at ZEPETO.World.Editor.WorldEnvironmentInitializer.MultiplaySettingInitialize () [0x00001] in <800d53a62f6240719bfad768be011f42>:0 
  at ZEPETO.World.Editor.WorldEnvironmentInitializer.InitializeOnLoadMethod () [0x00001] in <800d53a62f6240719bfad768be011f42>:0 

NullReferenceException: Object reference not set to an instance of an object
  at ZEPETO.World.Editor.WorldEditorSettings.IsZaizai () [0x00014] in <c723ad8419a1443b99dfb846a9c79f4c>:0 
  at ZEPETO.World.Editor.WorldEditorSettings.SelectDevelopment () [0x00000] in <c723ad8419a1443b99dfb846a9c79f4c>:0 
  at ZEPETO.World.Editor.WorldEditorSettings.get_Development () [0x0000d] in <c723ad8419a1443b99dfb846a9c79f4c>:0 
  at ZEPETO.World.Editor.WorldEditorSettings.get_BuiltinSettings () [0x00000] in <c723ad8419a1443b99dfb846a9c79f4c>:0 
  at ZEPETO.World.Editor.WorldEditorSettings.get_ActiveSetting () [0x00023] in <c723ad8419a1443b99dfb846a9c79f4c>:0 
  at ZEPETO.World.Editor.EditorPropertyRequestService.RequestPropertiesAsync[T] (System.String key) [0x00001] in <800d53a62f6240719bfad768be011f42>:0 
  at ZEPETO.World.Editor.EngineSettings.LoadEngineSettings () [0x00001] in <800d53a62f6240719bfad768be011f42>:0 
  at ZEPETO.World.Editor.EngineSettings.Initialize () [0x00052] in <800d53a62f6240719bfad768be011f42>:0 

NullReferenceException: Object reference not set to an instance of an object
  at ZEPETO.World.Editor.WorldEditorSettings.IsZaizai () [0x00014] in <c723ad8419a1443b99dfb846a9c79f4c>:0 
  at ZEPETO.World.Editor.WorldEditorSettings.SelectDevelopment () [0x00000] in <c723ad8419a1443b99dfb846a9c79f4c>:0 
  at ZEPETO.World.Editor.WorldEditorSettings.get_Development () [0x0000d] in <c723ad8419a1443b99dfb846a9c79f4c>:0 
  at ZEPETO.World.Editor.WorldEditorSettings.get_BuiltinSettings () [0x00000] in <c723ad8419a1443b99dfb846a9c79f4c>:0 
  at ZEPETO.World.Editor.WorldEditorSettings.get_ActiveSetting () [0x00023] in <c723ad8419a1443b99dfb846a9c79f4c>:0 
  at ZEPETO.World.Editor.EditorPropertyRequestService.RequestPropertiesAsync[T] (System.String key) [0x00001] in <800d53a62f6240719bfad768be011f42>:0 
  at ZEPETO.World.Editor.ForbiddenTypes.LoadForbiddenTypes () [0x00001] in <800d53a62f6240719bfad768be011f42>:0 
  at ZEPETO.World.Editor.ForbiddenTypes.Initialize () [0x00052] in <800d53a62f6240719bfad768be011f42>:0 

NullReferenceException: Object reference not set to an instance of an object
  at ZEPETO.World.Editor.WorldPackageEditorUtils.GetDeserializedWorldPackageInfo () [0x00016] in <800d53a62f6240719bfad768be011f42>:0 
  at ZEPETO.World.Editor.WorldPackageEditorUtils.GetFieldValue[T] (System.String field) [0x00001] in <800d53a62f6240719bfad768be011f42>:0 
  at ZEPETO.World.Editor.WorldPackageEditorUtils.get_ZepetoMinVersion () [0x00000] in <800d53a62f6240719bfad768be011f42>:0 
  at ZEPETO.World.Editor.Editor.WorldEditorInitializer.EditorInitializer () [0x00001] in <800d53a62f6240719bfad768be011f42>:0 

Mono: successfully reloaded assembly
- Completed reload, in  1.152 seconds
Platform modules already initialized, skipping
Refreshing native plugins compatible for Editor in 0.90 ms, found 4 plugins.
Preloading 0 native plugins for Editor in 0.00 ms.
Unloading 1880 Unused Serialized files (Serialized files now loaded: 0)
System memory in use before: 103.4 MB.
System memory in use after: 103.6 MB.

Unloading 105 unused Assets to reduce memory usage. Loaded Objects now: 2785.
Total: 2.326400 ms (FindLiveObjects: 0.216800 ms CreateObjectMapping: 0.089500 ms MarkObjects: 1.983700 ms  DeleteObjects: 0.035700 ms)

========================================================================
Received Prepare
Registering precompiled user dll's ...
Registered in 0.090901 seconds.
Begin MonoManager ReloadAssembly
Native extension for WindowsStandalone target not found
Refreshing native plugins compatible for Editor in 0.91 ms, found 4 plugins.
Preloading 0 native plugins for Editor in 0.00 ms.
NullReferenceException: Object reference not set to an instance of an object
  at ZEPETO.World.Editor.WorldEditorSettings.IsZaizai () [0x00014] in <c723ad8419a1443b99dfb846a9c79f4c>:0 
  at ZEPETO.World.Editor.WorldEditorSettings.SelectDevelopment () [0x00000] in <c723ad8419a1443b99dfb846a9c79f4c>:0 
  at ZEPETO.World.Editor.WorldEditorSettings.get_Development () [0x0000d] in <c723ad8419a1443b99dfb846a9c79f4c>:0 
  at ZEPETO.World.Editor.WorldEnvironmentInitializer.MultiplaySettingInitialize () [0x00001] in <800d53a62f6240719bfad768be011f42>:0 
  at ZEPETO.World.Editor.WorldEnvironmentInitializer.InitializeOnLoadMethod () [0x00001] in <800d53a62f6240719bfad768be011f42>:0 

NullReferenceException: Object reference not set to an instance of an object
  at ZEPETO.World.Editor.WorldEditorSettings.IsZaizai () [0x00014] in <c723ad8419a1443b99dfb846a9c79f4c>:0 
  at ZEPETO.World.Editor.WorldEditorSettings.SelectDevelopment () [0x00000] in <c723ad8419a1443b99dfb846a9c79f4c>:0 
  at ZEPETO.World.Editor.WorldEditorSettings.get_Development () [0x0000d] in <c723ad8419a1443b99dfb846a9c79f4c>:0 
  at ZEPETO.World.Editor.WorldEditorSettings.get_BuiltinSettings () [0x00000] in <c723ad8419a1443b99dfb846a9c79f4c>:0 
  at ZEPETO.World.Editor.WorldEditorSettings.get_ActiveSetting () [0x00023] in <c723ad8419a1443b99dfb846a9c79f4c>:0 
  at ZEPETO.World.Editor.EditorPropertyRequestService.RequestPropertiesAsync[T] (System.String key) [0x00001] in <800d53a62f6240719bfad768be011f42>:0 
  at ZEPETO.World.Editor.EngineSettings.LoadEngineSettings () [0x00001] in <800d53a62f6240719bfad768be011f42>:0 
  at ZEPETO.World.Editor.EngineSettings.Initialize () [0x00052] in <800d53a62f6240719bfad768be011f42>:0 

NullReferenceException: Object reference not set to an instance of an object
  at ZEPETO.World.Editor.WorldEditorSettings.IsZaizai () [0x00014] in <c723ad8419a1443b99dfb846a9c79f4c>:0 
  at ZEPETO.World.Editor.WorldEditorSettings.SelectDevelopment () [0x00000] in <c723ad8419a1443b99dfb846a9c79f4c>:0 
  at ZEPETO.World.Editor.WorldEditorSettings.get_Development () [0x0000d] in <c723ad8419a1443b99dfb846a9c79f4c>:0 
  at ZEPETO.World.Editor.WorldEditorSettings.get_BuiltinSettings () [0x00000] in <c723ad8419a1443b99dfb846a9c79f4c>:0 
  at ZEPETO.World.Editor.WorldEditorSettings.get_ActiveSetting () [0x00023] in <c723ad8419a1443b99dfb846a9c79f4c>:0 
  at ZEPETO.World.Editor.EditorPropertyRequestService.RequestPropertiesAsync[T] (System.String key) [0x00001] in <800d53a62f6240719bfad768be011f42>:0 
  at ZEPETO.World.Editor.ForbiddenTypes.LoadForbiddenTypes () [0x00001] in <800d53a62f6240719bfad768be011f42>:0 
  at ZEPETO.World.Editor.ForbiddenTypes.Initialize () [0x00052] in <800d53a62f6240719bfad768be011f42>:0 

NullReferenceException: Object reference not set to an instance of an object
  at ZEPETO.World.Editor.WorldPackageEditorUtils.GetDeserializedWorldPackageInfo () [0x00016] in <800d53a62f6240719bfad768be011f42>:0 
  at ZEPETO.World.Editor.WorldPackageEditorUtils.GetFieldValue[T] (System.String field) [0x00001] in <800d53a62f6240719bfad768be011f42>:0 
  at ZEPETO.World.Editor.WorldPackageEditorUtils.get_ZepetoMinVersion () [0x00000] in <800d53a62f6240719bfad768be011f42>:0 
  at ZEPETO.World.Editor.Editor.WorldEditorInitializer.EditorInitializer () [0x00001] in <800d53a62f6240719bfad768be011f42>:0 

Mono: successfully reloaded assembly
- Completed reload, in  1.119 seconds
Platform modules already initialized, skipping
Refreshing native plugins compatible for Editor in 0.84 ms, found 4 plugins.
Preloading 0 native plugins for Editor in 0.00 ms.
Unloading 1880 Unused Serialized files (Serialized files now loaded: 0)
System memory in use before: 103.4 MB.
System memory in use after: 103.6 MB.

Unloading 105 unused Assets to reduce memory usage. Loaded Objects now: 2788.
Total: 2.171400 ms (FindLiveObjects: 0.207300 ms CreateObjectMapping: 0.065800 ms MarkObjects: 1.864900 ms  DeleteObjects: 0.032600 ms)

========================================================================
Received Prepare
Registering precompiled user dll's ...
Registered in 0.096836 seconds.
Begin MonoManager ReloadAssembly
Native extension for WindowsStandalone target not found
Refreshing native plugins compatible for Editor in 0.91 ms, found 4 plugins.
Preloading 0 native plugins for Editor in 0.00 ms.
NullReferenceException: Object reference not set to an instance of an object
  at ZEPETO.World.Editor.WorldEditorSettings.IsZaizai () [0x00014] in <c723ad8419a1443b99dfb846a9c79f4c>:0 
  at ZEPETO.World.Editor.WorldEditorSettings.SelectDevelopment () [0x00000] in <c723ad8419a1443b99dfb846a9c79f4c>:0 
  at ZEPETO.World.Editor.WorldEditorSettings.get_Development () [0x0000d] in <c723ad8419a1443b99dfb846a9c79f4c>:0 
  at ZEPETO.World.Editor.WorldEnvironmentInitializer.MultiplaySettingInitialize () [0x00001] in <800d53a62f6240719bfad768be011f42>:0 
  at ZEPETO.World.Editor.WorldEnvironmentInitializer.InitializeOnLoadMethod () [0x00001] in <800d53a62f6240719bfad768be011f42>:0 

NullReferenceException: Object reference not set to an instance of an object
  at ZEPETO.World.Editor.WorldEditorSettings.IsZaizai () [0x00014] in <c723ad8419a1443b99dfb846a9c79f4c>:0 
  at ZEPETO.World.Editor.WorldEditorSettings.SelectDevelopment () [0x00000] in <c723ad8419a1443b99dfb846a9c79f4c>:0 
  at ZEPETO.World.Editor.WorldEditorSettings.get_Development () [0x0000d] in <c723ad8419a1443b99dfb846a9c79f4c>:0 
  at ZEPETO.World.Editor.WorldEditorSettings.get_BuiltinSettings () [0x00000] in <c723ad8419a1443b99dfb846a9c79f4c>:0 
  at ZEPETO.World.Editor.WorldEditorSettings.get_ActiveSetting () [0x00023] in <c723ad8419a1443b99dfb846a9c79f4c>:0 
  at ZEPETO.World.Editor.EditorPropertyRequestService.RequestPropertiesAsync[T] (System.String key) [0x00001] in <800d53a62f6240719bfad768be011f42>:0 
  at ZEPETO.World.Editor.EngineSettings.LoadEngineSettings () [0x00001] in <800d53a62f6240719bfad768be011f42>:0 
  at ZEPETO.World.Editor.EngineSettings.Initialize () [0x00052] in <800d53a62f6240719bfad768be011f42>:0 

NullReferenceException: Object reference not set to an instance of an object
  at ZEPETO.World.Editor.WorldEditorSettings.IsZaizai () [0x00014] in <c723ad8419a1443b99dfb846a9c79f4c>:0 
  at ZEPETO.World.Editor.WorldEditorSettings.SelectDevelopment () [0x00000] in <c723ad8419a1443b99dfb846a9c79f4c>:0 
  at ZEPETO.World.Editor.WorldEditorSettings.get_Development () [0x0000d] in <c723ad8419a1443b99dfb846a9c79f4c>:0 
  at ZEPETO.World.Editor.WorldEditorSettings.get_BuiltinSettings () [0x00000] in <c723ad8419a1443b99dfb846a9c79f4c>:0 
  at ZEPETO.World.Editor.WorldEditorSettings.get_ActiveSetting () [0x00023] in <c723ad8419a1443b99dfb846a9c79f4c>:0 
  at ZEPETO.World.Editor.EditorPropertyRequestService.RequestPropertiesAsync[T] (System.String key) [0x00001] in <800d53a62f6240719bfad768be011f42>:0 
  at ZEPETO.World.Editor.ForbiddenTypes.LoadForbiddenTypes () [0x00001] in <800d53a62f6240719bfad768be011f42>:0 
  at ZEPETO.World.Editor.ForbiddenTypes.Initialize () [0x00052] in <800d53a62f6240719bfad768be011f42>:0 

NullReferenceException: Object reference not set to an instance of an object
  at ZEPETO.World.Editor.WorldPackageEditorUtils.GetDeserializedWorldPackageInfo () [0x00016] in <800d53a62f6240719bfad768be011f42>:0 
  at ZEPETO.World.Editor.WorldPackageEditorUtils.GetFieldValue[T] (System.String field) [0x00001] in <800d53a62f6240719bfad768be011f42>:0 
  at ZEPETO.World.Editor.WorldPackageEditorUtils.get_ZepetoMinVersion () [0x00000] in <800d53a62f6240719bfad768be011f42>:0 
  at ZEPETO.World.Editor.Editor.WorldEditorInitializer.EditorInitializer () [0x00001] in <800d53a62f6240719bfad768be011f42>:0 

Mono: successfully reloaded assembly
- Completed reload, in  1.094 seconds
Platform modules already initialized, skipping
Refreshing native plugins compatible for Editor in 1.02 ms, found 4 plugins.
Preloading 0 native plugins for Editor in 0.00 ms.
Unloading 1880 Unused Serialized files (Serialized files now loaded: 0)
System memory in use before: 103.4 MB.
System memory in use after: 103.6 MB.

Unloading 105 unused Assets to reduce memory usage. Loaded Objects now: 2791.
Total: 2.541700 ms (FindLiveObjects: 0.352900 ms CreateObjectMapping: 0.074500 ms MarkObjects: 2.070300 ms  DeleteObjects: 0.042600 ms)

========================================================================
Received Prepare
Registering precompiled user dll's ...
Registered in 0.097358 seconds.
Begin MonoManager ReloadAssembly
Native extension for WindowsStandalone target not found
Refreshing native plugins compatible for Editor in 0.96 ms, found 4 plugins.
Preloading 0 native plugins for Editor in 0.00 ms.
NullReferenceException: Object reference not set to an instance of an object
  at ZEPETO.World.Editor.WorldEditorSettings.IsZaizai () [0x00014] in <c723ad8419a1443b99dfb846a9c79f4c>:0 
  at ZEPETO.World.Editor.WorldEditorSettings.SelectDevelopment () [0x00000] in <c723ad8419a1443b99dfb846a9c79f4c>:0 
  at ZEPETO.World.Editor.WorldEditorSettings.get_Development () [0x0000d] in <c723ad8419a1443b99dfb846a9c79f4c>:0 
  at ZEPETO.World.Editor.WorldEnvironmentInitializer.MultiplaySettingInitialize () [0x00001] in <800d53a62f6240719bfad768be011f42>:0 
  at ZEPETO.World.Editor.WorldEnvironmentInitializer.InitializeOnLoadMethod () [0x00001] in <800d53a62f6240719bfad768be011f42>:0 

NullReferenceException: Object reference not set to an instance of an object
  at ZEPETO.World.Editor.WorldEditorSettings.IsZaizai () [0x00014] in <c723ad8419a1443b99dfb846a9c79f4c>:0 
  at ZEPETO.World.Editor.WorldEditorSettings.SelectDevelopment () [0x00000] in <c723ad8419a1443b99dfb846a9c79f4c>:0 
  at ZEPETO.World.Editor.WorldEditorSettings.get_Development () [0x0000d] in <c723ad8419a1443b99dfb846a9c79f4c>:0 
  at ZEPETO.World.Editor.WorldEditorSettings.get_BuiltinSettings () [0x00000] in <c723ad8419a1443b99dfb846a9c79f4c>:0 
  at ZEPETO.World.Editor.WorldEditorSettings.get_ActiveSetting () [0x00023] in <c723ad8419a1443b99dfb846a9c79f4c>:0 
  at ZEPETO.World.Editor.EditorPropertyRequestService.RequestPropertiesAsync[T] (System.String key) [0x00001] in <800d53a62f6240719bfad768be011f42>:0 
  at ZEPETO.World.Editor.EngineSettings.LoadEngineSettings () [0x00001] in <800d53a62f6240719bfad768be011f42>:0 
  at ZEPETO.World.Editor.EngineSettings.Initialize () [0x00052] in <800d53a62f6240719bfad768be011f42>:0 

NullReferenceException: Object reference not set to an instance of an object
  at ZEPETO.World.Editor.WorldEditorSettings.IsZaizai () [0x00014] in <c723ad8419a1443b99dfb846a9c79f4c>:0 
  at ZEPETO.World.Editor.WorldEditorSettings.SelectDevelopment () [0x00000] in <c723ad8419a1443b99dfb846a9c79f4c>:0 
  at ZEPETO.World.Editor.WorldEditorSettings.get_Development () [0x0000d] in <c723ad8419a1443b99dfb846a9c79f4c>:0 
  at ZEPETO.World.Editor.WorldEditorSettings.get_BuiltinSettings () [0x00000] in <c723ad8419a1443b99dfb846a9c79f4c>:0 
  at ZEPETO.World.Editor.WorldEditorSettings.get_ActiveSetting () [0x00023] in <c723ad8419a1443b99dfb846a9c79f4c>:0 
  at ZEPETO.World.Editor.EditorPropertyRequestService.RequestPropertiesAsync[T] (System.String key) [0x00001] in <800d53a62f6240719bfad768be011f42>:0 
  at ZEPETO.World.Editor.ForbiddenTypes.LoadForbiddenTypes () [0x00001] in <800d53a62f6240719bfad768be011f42>:0 
  at ZEPETO.World.Editor.ForbiddenTypes.Initialize () [0x00052] in <800d53a62f6240719bfad768be011f42>:0 

NullReferenceException: Object reference not set to an instance of an object
  at ZEPETO.World.Editor.WorldPackageEditorUtils.GetDeserializedWorldPackageInfo () [0x00016] in <800d53a62f6240719bfad768be011f42>:0 
  at ZEPETO.World.Editor.WorldPackageEditorUtils.GetFieldValue[T] (System.String field) [0x00001] in <800d53a62f6240719bfad768be011f42>:0 
  at ZEPETO.World.Editor.WorldPackageEditorUtils.get_ZepetoMinVersion () [0x00000] in <800d53a62f6240719bfad768be011f42>:0 
  at ZEPETO.World.Editor.Editor.WorldEditorInitializer.EditorInitializer () [0x00001] in <800d53a62f6240719bfad768be011f42>:0 

Mono: successfully reloaded assembly
- Completed reload, in  1.128 seconds
Platform modules already initialized, skipping
Refreshing native plugins compatible for Editor in 1.08 ms, found 4 plugins.
Preloading 0 native plugins for Editor in 0.00 ms.
Unloading 1880 Unused Serialized files (Serialized files now loaded: 0)
System memory in use before: 103.3 MB.
System memory in use after: 103.5 MB.

Unloading 105 unused Assets to reduce memory usage. Loaded Objects now: 2794.
Total: 2.805500 ms (FindLiveObjects: 0.250900 ms CreateObjectMapping: 0.121600 ms MarkObjects: 2.391900 ms  DeleteObjects: 0.040300 ms)

========================================================================
Received Import Request.
  Time since last request: 2278.078629 seconds.
  path: Assets/scripts/OSelect.cs
  artifactKey: Guid(be7d8e440bc039344bd80b97499b1e4a) Importer(815301076,1909f56bfc062723c751e8b465ee728b)
Start importing Assets/scripts/OSelect.cs using Guid(be7d8e440bc039344bd80b97499b1e4a) Importer(815301076,1909f56bfc062723c751e8b465ee728b)  -> (artifact id: '4e63794abcf652ef41cb8ba8ea49ecf4') in 0.006809 seconds
  Import took 0.010980 seconds .

========================================================================
Received Prepare
Registering precompiled user dll's ...
Registered in 1.196703 seconds.
Begin MonoManager ReloadAssembly
Native extension for WindowsStandalone target not found
Refreshing native plugins compatible for Editor in 0.90 ms, found 4 plugins.
Preloading 0 native plugins for Editor in 0.00 ms.
NullReferenceException: Object reference not set to an instance of an object
  at ZEPETO.World.Editor.WorldEditorSettings.IsZaizai () [0x00014] in <c723ad8419a1443b99dfb846a9c79f4c>:0 
  at ZEPETO.World.Editor.WorldEditorSettings.SelectDevelopment () [0x00000] in <c723ad8419a1443b99dfb846a9c79f4c>:0 
  at ZEPETO.World.Editor.WorldEditorSettings.get_Development () [0x0000d] in <c723ad8419a1443b99dfb846a9c79f4c>:0 
  at ZEPETO.World.Editor.WorldEnvironmentInitializer.MultiplaySettingInitialize () [0x00001] in <800d53a62f6240719bfad768be011f42>:0 
  at ZEPETO.World.Editor.WorldEnvironmentInitializer.InitializeOnLoadMethod () [0x00001] in <800d53a62f6240719bfad768be011f42>:0 

NullReferenceException: Object reference not set to an instance of an object
  at ZEPETO.World.Editor.WorldEditorSettings.IsZaizai () [0x00014] in <c723ad8419a1443b99dfb846a9c79f4c>:0 
  at ZEPETO.World.Editor.WorldEditorSettings.SelectDevelopment () [0x00000] in <c723ad8419a1443b99dfb846a9c79f4c>:0 
  at ZEPETO.World.Editor.WorldEditorSettings.get_Development () [0x0000d] in <c723ad8419a1443b99dfb846a9c79f4c>:0 
  at ZEPETO.World.Editor.WorldEditorSettings.get_BuiltinSettings () [0x00000] in <c723ad8419a1443b99dfb846a9c79f4c>:0 
  at ZEPETO.World.Editor.WorldEditorSettings.get_ActiveSetting () [0x00023] in <c723ad8419a1443b99dfb846a9c79f4c>:0 
  at ZEPETO.World.Editor.EditorPropertyRequestService.RequestPropertiesAsync[T] (System.String key) [0x00001] in <800d53a62f6240719bfad768be011f42>:0 
  at ZEPETO.World.Editor.EngineSettings.LoadEngineSettings () [0x00001] in <800d53a62f6240719bfad768be011f42>:0 
  at ZEPETO.World.Editor.EngineSettings.Initialize () [0x00052] in <800d53a62f6240719bfad768be011f42>:0 

NullReferenceException: Object reference not set to an instance of an object
  at ZEPETO.World.Editor.WorldEditorSettings.IsZaizai () [0x00014] in <c723ad8419a1443b99dfb846a9c79f4c>:0 
  at ZEPETO.World.Editor.WorldEditorSettings.SelectDevelopment () [0x00000] in <c723ad8419a1443b99dfb846a9c79f4c>:0 
  at ZEPETO.World.Editor.WorldEditorSettings.get_Development () [0x0000d] in <c723ad8419a1443b99dfb846a9c79f4c>:0 
  at ZEPETO.World.Editor.WorldEditorSettings.get_BuiltinSettings () [0x00000] in <c723ad8419a1443b99dfb846a9c79f4c>:0 
  at ZEPETO.World.Editor.WorldEditorSettings.get_ActiveSetting () [0x00023] in <c723ad8419a1443b99dfb846a9c79f4c>:0 
  at ZEPETO.World.Editor.EditorPropertyRequestService.RequestPropertiesAsync[T] (System.String key) [0x00001] in <800d53a62f6240719bfad768be011f42>:0 
  at ZEPETO.World.Editor.ForbiddenTypes.LoadForbiddenTypes () [0x00001] in <800d53a62f6240719bfad768be011f42>:0 
  at ZEPETO.World.Editor.ForbiddenTypes.Initialize () [0x00052] in <800d53a62f6240719bfad768be011f42>:0 

NullReferenceException: Object reference not set to an instance of an object
  at ZEPETO.World.Editor.WorldPackageEditorUtils.GetDeserializedWorldPackageInfo () [0x00016] in <800d53a62f6240719bfad768be011f42>:0 
  at ZEPETO.World.Editor.WorldPackageEditorUtils.GetFieldValue[T] (System.String field) [0x00001] in <800d53a62f6240719bfad768be011f42>:0 
  at ZEPETO.World.Editor.WorldPackageEditorUtils.get_ZepetoMinVersion () [0x00000] in <800d53a62f6240719bfad768be011f42>:0 
  at ZEPETO.World.Editor.Editor.WorldEditorInitializer.EditorInitializer () [0x00001] in <800d53a62f6240719bfad768be011f42>:0 

Mono: successfully reloaded assembly
- Completed reload, in  2.341 seconds
Platform modules already initialized, skipping
Refreshing native plugins compatible for Editor in 0.96 ms, found 4 plugins.
Preloading 0 native plugins for Editor in 0.00 ms.
Unloading 1880 Unused Serialized files (Serialized files now loaded: 0)
System memory in use before: 103.4 MB.
System memory in use after: 103.7 MB.

Unloading 105 unused Assets to reduce memory usage. Loaded Objects now: 2797.
Total: 2.458500 ms (FindLiveObjects: 0.231200 ms CreateObjectMapping: 0.109900 ms MarkObjects: 2.080700 ms  DeleteObjects: 0.036100 ms)

========================================================================
Received Prepare
Registering precompiled user dll's ...
Registered in 0.095412 seconds.
Begin MonoManager ReloadAssembly
Native extension for WindowsStandalone target not found
Refreshing native plugins compatible for Editor in 0.89 ms, found 4 plugins.
Preloading 0 native plugins for Editor in 0.00 ms.
NullReferenceException: Object reference not set to an instance of an object
  at ZEPETO.World.Editor.WorldEditorSettings.IsZaizai () [0x00014] in <c723ad8419a1443b99dfb846a9c79f4c>:0 
  at ZEPETO.World.Editor.WorldEditorSettings.SelectDevelopment () [0x00000] in <c723ad8419a1443b99dfb846a9c79f4c>:0 
  at ZEPETO.World.Editor.WorldEditorSettings.get_Development () [0x0000d] in <c723ad8419a1443b99dfb846a9c79f4c>:0 
  at ZEPETO.World.Editor.WorldEnvironmentInitializer.MultiplaySettingInitialize () [0x00001] in <800d53a62f6240719bfad768be011f42>:0 
  at ZEPETO.World.Editor.WorldEnvironmentInitializer.InitializeOnLoadMethod () [0x00001] in <800d53a62f6240719bfad768be011f42>:0 

NullReferenceException: Object reference not set to an instance of an object
  at ZEPETO.World.Editor.WorldEditorSettings.IsZaizai () [0x00014] in <c723ad8419a1443b99dfb846a9c79f4c>:0 
  at ZEPETO.World.Editor.WorldEditorSettings.SelectDevelopment () [0x00000] in <c723ad8419a1443b99dfb846a9c79f4c>:0 
  at ZEPETO.World.Editor.WorldEditorSettings.get_Development () [0x0000d] in <c723ad8419a1443b99dfb846a9c79f4c>:0 
  at ZEPETO.World.Editor.WorldEditorSettings.get_BuiltinSettings () [0x00000] in <c723ad8419a1443b99dfb846a9c79f4c>:0 
  at ZEPETO.World.Editor.WorldEditorSettings.get_ActiveSetting () [0x00023] in <c723ad8419a1443b99dfb846a9c79f4c>:0 
  at ZEPETO.World.Editor.EditorPropertyRequestService.RequestPropertiesAsync[T] (System.String key) [0x00001] in <800d53a62f6240719bfad768be011f42>:0 
  at ZEPETO.World.Editor.EngineSettings.LoadEngineSettings () [0x00001] in <800d53a62f6240719bfad768be011f42>:0 
  at ZEPETO.World.Editor.EngineSettings.Initialize () [0x00052] in <800d53a62f6240719bfad768be011f42>:0 

NullReferenceException: Object reference not set to an instance of an object
  at ZEPETO.World.Editor.WorldEditorSettings.IsZaizai () [0x00014] in <c723ad8419a1443b99dfb846a9c79f4c>:0 
  at ZEPETO.World.Editor.WorldEditorSettings.SelectDevelopment () [0x00000] in <c723ad8419a1443b99dfb846a9c79f4c>:0 
  at ZEPETO.World.Editor.WorldEditorSettings.get_Development () [0x0000d] in <c723ad8419a1443b99dfb846a9c79f4c>:0 
  at ZEPETO.World.Editor.WorldEditorSettings.get_BuiltinSettings () [0x00000] in <c723ad8419a1443b99dfb846a9c79f4c>:0 
  at ZEPETO.World.Editor.WorldEditorSettings.get_ActiveSetting () [0x00023] in <c723ad8419a1443b99dfb846a9c79f4c>:0 
  at ZEPETO.World.Editor.EditorPropertyRequestService.RequestPropertiesAsync[T] (System.String key) [0x00001] in <800d53a62f6240719bfad768be011f42>:0 
  at ZEPETO.World.Editor.ForbiddenTypes.LoadForbiddenTypes () [0x00001] in <800d53a62f6240719bfad768be011f42>:0 
  at ZEPETO.World.Editor.ForbiddenTypes.Initialize () [0x00052] in <800d53a62f6240719bfad768be011f42>:0 

NullReferenceException: Object reference not set to an instance of an object
  at ZEPETO.World.Editor.WorldPackageEditorUtils.GetDeserializedWorldPackageInfo () [0x00016] in <800d53a62f6240719bfad768be011f42>:0 
  at ZEPETO.World.Editor.WorldPackageEditorUtils.GetFieldValue[T] (System.String field) [0x00001] in <800d53a62f6240719bfad768be011f42>:0 
  at ZEPETO.World.Editor.WorldPackageEditorUtils.get_ZepetoMinVersion () [0x00000] in <800d53a62f6240719bfad768be011f42>:0 
  at ZEPETO.World.Editor.Editor.WorldEditorInitializer.EditorInitializer () [0x00001] in <800d53a62f6240719bfad768be011f42>:0 

Mono: successfully reloaded assembly
- Completed reload, in  1.120 seconds
Platform modules already initialized, skipping
Refreshing native plugins compatible for Editor in 0.90 ms, found 4 plugins.
Preloading 0 native plugins for Editor in 0.00 ms.
Unloading 1880 Unused Serialized files (Serialized files now loaded: 0)
System memory in use before: 103.5 MB.
System memory in use after: 103.7 MB.

Unloading 105 unused Assets to reduce memory usage. Loaded Objects now: 2800.
Total: 2.375900 ms (FindLiveObjects: 0.235900 ms CreateObjectMapping: 0.106500 ms MarkObjects: 1.993700 ms  DeleteObjects: 0.039000 ms)

========================================================================
Received Import Request.
  Time since last request: 3203.749095 seconds.
  path: Assets/scripts/TimerManager.cs
  artifactKey: Guid(6d4bbd5c9c9014b49b0f340cf8909f06) Importer(815301076,1909f56bfc062723c751e8b465ee728b)
Start importing Assets/scripts/TimerManager.cs using Guid(6d4bbd5c9c9014b49b0f340cf8909f06) Importer(815301076,1909f56bfc062723c751e8b465ee728b)  -> (artifact id: 'c7bb9a58f5fdfbaa82a2f3ccaff10345') in 0.006988 seconds
  Import took 0.010828 seconds .

========================================================================
Received Import Request.
  Time since last request: 0.020301 seconds.
  path: Assets/scripts/TimerManager.cs
  artifactKey: Guid(6d4bbd5c9c9014b49b0f340cf8909f06) Importer(815301076,1909f56bfc062723c751e8b465ee728b)
Start importing Assets/scripts/TimerManager.cs using Guid(6d4bbd5c9c9014b49b0f340cf8909f06) Importer(815301076,1909f56bfc062723c751e8b465ee728b)  -> (artifact id: 'c7bb9a58f5fdfbaa82a2f3ccaff10345') in 0.003889 seconds
  Import took 0.007224 seconds .

========================================================================
Received Import Request.
  Time since last request: 521.311678 seconds.
  path: Assets/scripts/TimerManager.cs
  artifactKey: Guid(6d4bbd5c9c9014b49b0f340cf8909f06) Importer(815301076,1909f56bfc062723c751e8b465ee728b)
Start importing Assets/scripts/TimerManager.cs using Guid(6d4bbd5c9c9014b49b0f340cf8909f06) Importer(815301076,1909f56bfc062723c751e8b465ee728b)  -> (artifact id: '0d226b7a07028b098bc9bbee762b6e05') in 0.004114 seconds
  Import took 0.008818 seconds .

========================================================================
Received Prepare
Registering precompiled user dll's ...
Registered in 0.096519 seconds.
Begin MonoManager ReloadAssembly
Native extension for WindowsStandalone target not found
Refreshing native plugins compatible for Editor in 0.92 ms, found 4 plugins.
Preloading 0 native plugins for Editor in 0.00 ms.
NullReferenceException: Object reference not set to an instance of an object
  at ZEPETO.World.Editor.WorldEditorSettings.IsZaizai () [0x00014] in <c723ad8419a1443b99dfb846a9c79f4c>:0 
  at ZEPETO.World.Editor.WorldEditorSettings.SelectDevelopment () [0x00000] in <c723ad8419a1443b99dfb846a9c79f4c>:0 
  at ZEPETO.World.Editor.WorldEditorSettings.get_Development () [0x0000d] in <c723ad8419a1443b99dfb846a9c79f4c>:0 
  at ZEPETO.World.Editor.WorldEnvironmentInitializer.MultiplaySettingInitialize () [0x00001] in <800d53a62f6240719bfad768be011f42>:0 
  at ZEPETO.World.Editor.WorldEnvironmentInitializer.InitializeOnLoadMethod () [0x00001] in <800d53a62f6240719bfad768be011f42>:0 

NullReferenceException: Object reference not set to an instance of an object
  at ZEPETO.World.Editor.WorldEditorSettings.IsZaizai () [0x00014] in <c723ad8419a1443b99dfb846a9c79f4c>:0 
  at ZEPETO.World.Editor.WorldEditorSettings.SelectDevelopment () [0x00000] in <c723ad8419a1443b99dfb846a9c79f4c>:0 
  at ZEPETO.World.Editor.WorldEditorSettings.get_Development () [0x0000d] in <c723ad8419a1443b99dfb846a9c79f4c>:0 
  at ZEPETO.World.Editor.WorldEditorSettings.get_BuiltinSettings () [0x00000] in <c723ad8419a1443b99dfb846a9c79f4c>:0 
  at ZEPETO.World.Editor.WorldEditorSettings.get_ActiveSetting () [0x00023] in <c723ad8419a1443b99dfb846a9c79f4c>:0 
  at ZEPETO.World.Editor.EditorPropertyRequestService.RequestPropertiesAsync[T] (System.String key) [0x00001] in <800d53a62f6240719bfad768be011f42>:0 
  at ZEPETO.World.Editor.EngineSettings.LoadEngineSettings () [0x00001] in <800d53a62f6240719bfad768be011f42>:0 
  at ZEPETO.World.Editor.EngineSettings.Initialize () [0x00052] in <800d53a62f6240719bfad768be011f42>:0 

NullReferenceException: Object reference not set to an instance of an object
  at ZEPETO.World.Editor.WorldEditorSettings.IsZaizai () [0x00014] in <c723ad8419a1443b99dfb846a9c79f4c>:0 
  at ZEPETO.World.Editor.WorldEditorSettings.SelectDevelopment () [0x00000] in <c723ad8419a1443b99dfb846a9c79f4c>:0 
  at ZEPETO.World.Editor.WorldEditorSettings.get_Development () [0x0000d] in <c723ad8419a1443b99dfb846a9c79f4c>:0 
  at ZEPETO.World.Editor.WorldEditorSettings.get_BuiltinSettings () [0x00000] in <c723ad8419a1443b99dfb846a9c79f4c>:0 
  at ZEPETO.World.Editor.WorldEditorSettings.get_ActiveSetting () [0x00023] in <c723ad8419a1443b99dfb846a9c79f4c>:0 
  at ZEPETO.World.Editor.EditorPropertyRequestService.RequestPropertiesAsync[T] (System.String key) [0x00001] in <800d53a62f6240719bfad768be011f42>:0 
  at ZEPETO.World.Editor.ForbiddenTypes.LoadForbiddenTypes () [0x00001] in <800d53a62f6240719bfad768be011f42>:0 
  at ZEPETO.World.Editor.ForbiddenTypes.Initialize () [0x00052] in <800d53a62f6240719bfad768be011f42>:0 

NullReferenceException: Object reference not set to an instance of an object
  at ZEPETO.World.Editor.WorldPackageEditorUtils.GetDeserializedWorldPackageInfo () [0x00016] in <800d53a62f6240719bfad768be011f42>:0 
  at ZEPETO.World.Editor.WorldPackageEditorUtils.GetFieldValue[T] (System.String field) [0x00001] in <800d53a62f6240719bfad768be011f42>:0 
  at ZEPETO.World.Editor.WorldPackageEditorUtils.get_ZepetoMinVersion () [0x00000] in <800d53a62f6240719bfad768be011f42>:0 
  at ZEPETO.World.Editor.Editor.WorldEditorInitializer.EditorInitializer () [0x00001] in <800d53a62f6240719bfad768be011f42>:0 

Mono: successfully reloaded assembly
- Completed reload, in  1.132 seconds
Platform modules already initialized, skipping
Refreshing native plugins compatible for Editor in 0.92 ms, found 4 plugins.
Preloading 0 native plugins for Editor in 0.00 ms.
Unloading 1880 Unused Serialized files (Serialized files now loaded: 0)
System memory in use before: 103.5 MB.
System memory in use after: 103.7 MB.

Unloading 105 unused Assets to reduce memory usage. Loaded Objects now: 2803.
Total: 2.629700 ms (FindLiveObjects: 0.251800 ms CreateObjectMapping: 0.107700 ms MarkObjects: 2.226400 ms  DeleteObjects: 0.042900 ms)

========================================================================
Received Prepare
Registering precompiled user dll's ...
Registered in 0.101228 seconds.
Begin MonoManager ReloadAssembly
Native extension for WindowsStandalone target not found
Refreshing native plugins compatible for Editor in 0.98 ms, found 4 plugins.
Preloading 0 native plugins for Editor in 0.00 ms.
NullReferenceException: Object reference not set to an instance of an object
  at ZEPETO.World.Editor.WorldEditorSettings.IsZaizai () [0x00014] in <c723ad8419a1443b99dfb846a9c79f4c>:0 
  at ZEPETO.World.Editor.WorldEditorSettings.SelectDevelopment () [0x00000] in <c723ad8419a1443b99dfb846a9c79f4c>:0 
  at ZEPETO.World.Editor.WorldEditorSettings.get_Development () [0x0000d] in <c723ad8419a1443b99dfb846a9c79f4c>:0 
  at ZEPETO.World.Editor.WorldEnvironmentInitializer.MultiplaySettingInitialize () [0x00001] in <800d53a62f6240719bfad768be011f42>:0 
  at ZEPETO.World.Editor.WorldEnvironmentInitializer.InitializeOnLoadMethod () [0x00001] in <800d53a62f6240719bfad768be011f42>:0 

NullReferenceException: Object reference not set to an instance of an object
  at ZEPETO.World.Editor.WorldEditorSettings.IsZaizai () [0x00014] in <c723ad8419a1443b99dfb846a9c79f4c>:0 
  at ZEPETO.World.Editor.WorldEditorSettings.SelectDevelopment () [0x00000] in <c723ad8419a1443b99dfb846a9c79f4c>:0 
  at ZEPETO.World.Editor.WorldEditorSettings.get_Development () [0x0000d] in <c723ad8419a1443b99dfb846a9c79f4c>:0 
  at ZEPETO.World.Editor.WorldEditorSettings.get_BuiltinSettings () [0x00000] in <c723ad8419a1443b99dfb846a9c79f4c>:0 
  at ZEPETO.World.Editor.WorldEditorSettings.get_ActiveSetting () [0x00023] in <c723ad8419a1443b99dfb846a9c79f4c>:0 
  at ZEPETO.World.Editor.EditorPropertyRequestService.RequestPropertiesAsync[T] (System.String key) [0x00001] in <800d53a62f6240719bfad768be011f42>:0 
  at ZEPETO.World.Editor.EngineSettings.LoadEngineSettings () [0x00001] in <800d53a62f6240719bfad768be011f42>:0 
  at ZEPETO.World.Editor.EngineSettings.Initialize () [0x00052] in <800d53a62f6240719bfad768be011f42>:0 

NullReferenceException: Object reference not set to an instance of an object
  at ZEPETO.World.Editor.WorldEditorSettings.IsZaizai () [0x00014] in <c723ad8419a1443b99dfb846a9c79f4c>:0 
  at ZEPETO.World.Editor.WorldEditorSettings.SelectDevelopment () [0x00000] in <c723ad8419a1443b99dfb846a9c79f4c>:0 
  at ZEPETO.World.Editor.WorldEditorSettings.get_Development () [0x0000d] in <c723ad8419a1443b99dfb846a9c79f4c>:0 
  at ZEPETO.World.Editor.WorldEditorSettings.get_BuiltinSettings () [0x00000] in <c723ad8419a1443b99dfb846a9c79f4c>:0 
  at ZEPETO.World.Editor.WorldEditorSettings.get_ActiveSetting () [0x00023] in <c723ad8419a1443b99dfb846a9c79f4c>:0 
  at ZEPETO.World.Editor.EditorPropertyRequestService.RequestPropertiesAsync[T] (System.String key) [0x00001] in <800d53a62f6240719bfad768be011f42>:0 
  at ZEPETO.World.Editor.ForbiddenTypes.LoadForbiddenTypes () [0x00001] in <800d53a62f6240719bfad768be011f42>:0 
  at ZEPETO.World.Editor.ForbiddenTypes.Initialize () [0x00052] in <800d53a62f6240719bfad768be011f42>:0 

NullReferenceException: Object reference not set to an instance of an object
  at ZEPETO.World.Editor.WorldPackageEditorUtils.GetDeserializedWorldPackageInfo () [0x00016] in <800d53a62f6240719bfad768be011f42>:0 
  at ZEPETO.World.Editor.WorldPackageEditorUtils.GetFieldValue[T] (System.String field) [0x00001] in <800d53a62f6240719bfad768be011f42>:0 
  at ZEPETO.World.Editor.WorldPackageEditorUtils.get_ZepetoMinVersion () [0x00000] in <800d53a62f6240719bfad768be011f42>:0 
  at ZEPETO.World.Editor.Editor.WorldEditorInitializer.EditorInitializer () [0x00001] in <800d53a62f6240719bfad768be011f42>:0 

Mono: successfully reloaded assembly
- Completed reload, in  1.133 seconds
Platform modules already initialized, skipping
Refreshing native plugins compatible for Editor in 0.91 ms, found 4 plugins.
Preloading 0 native plugins for Editor in 0.00 ms.
Unloading 1880 Unused Serialized files (Serialized files now loaded: 0)
System memory in use before: 103.5 MB.
System memory in use after: 103.7 MB.

Unloading 105 unused Assets to reduce memory usage. Loaded Objects now: 2806.
Total: 2.491600 ms (FindLiveObjects: 0.249300 ms CreateObjectMapping: 0.106200 ms MarkObjects: 2.092900 ms  DeleteObjects: 0.042500 ms)

========================================================================
Received Prepare
Registering precompiled user dll's ...
Registered in 0.094296 seconds.
Begin MonoManager ReloadAssembly
Native extension for WindowsStandalone target not found
Refreshing native plugins compatible for Editor in 1.02 ms, found 4 plugins.
Preloading 0 native plugins for Editor in 0.00 ms.
NullReferenceException: Object reference not set to an instance of an object
  at ZEPETO.World.Editor.WorldEditorSettings.IsZaizai () [0x00014] in <c723ad8419a1443b99dfb846a9c79f4c>:0 
  at ZEPETO.World.Editor.WorldEditorSettings.SelectDevelopment () [0x00000] in <c723ad8419a1443b99dfb846a9c79f4c>:0 
  at ZEPETO.World.Editor.WorldEditorSettings.get_Development () [0x0000d] in <c723ad8419a1443b99dfb846a9c79f4c>:0 
  at ZEPETO.World.Editor.WorldEnvironmentInitializer.MultiplaySettingInitialize () [0x00001] in <800d53a62f6240719bfad768be011f42>:0 
  at ZEPETO.World.Editor.WorldEnvironmentInitializer.InitializeOnLoadMethod () [0x00001] in <800d53a62f6240719bfad768be011f42>:0 

NullReferenceException: Object reference not set to an instance of an object
  at ZEPETO.World.Editor.WorldEditorSettings.IsZaizai () [0x00014] in <c723ad8419a1443b99dfb846a9c79f4c>:0 
  at ZEPETO.World.Editor.WorldEditorSettings.SelectDevelopment () [0x00000] in <c723ad8419a1443b99dfb846a9c79f4c>:0 
  at ZEPETO.World.Editor.WorldEditorSettings.get_Development () [0x0000d] in <c723ad8419a1443b99dfb846a9c79f4c>:0 
  at ZEPETO.World.Editor.WorldEditorSettings.get_BuiltinSettings () [0x00000] in <c723ad8419a1443b99dfb846a9c79f4c>:0 
  at ZEPETO.World.Editor.WorldEditorSettings.get_ActiveSetting () [0x00023] in <c723ad8419a1443b99dfb846a9c79f4c>:0 
  at ZEPETO.World.Editor.EditorPropertyRequestService.RequestPropertiesAsync[T] (System.String key) [0x00001] in <800d53a62f6240719bfad768be011f42>:0 
  at ZEPETO.World.Editor.EngineSettings.LoadEngineSettings () [0x00001] in <800d53a62f6240719bfad768be011f42>:0 
  at ZEPETO.World.Editor.EngineSettings.Initialize () [0x00052] in <800d53a62f6240719bfad768be011f42>:0 

NullReferenceException: Object reference not set to an instance of an object
  at ZEPETO.World.Editor.WorldEditorSettings.IsZaizai () [0x00014] in <c723ad8419a1443b99dfb846a9c79f4c>:0 
  at ZEPETO.World.Editor.WorldEditorSettings.SelectDevelopment () [0x00000] in <c723ad8419a1443b99dfb846a9c79f4c>:0 
  at ZEPETO.World.Editor.WorldEditorSettings.get_Development () [0x0000d] in <c723ad8419a1443b99dfb846a9c79f4c>:0 
  at ZEPETO.World.Editor.WorldEditorSettings.get_BuiltinSettings () [0x00000] in <c723ad8419a1443b99dfb846a9c79f4c>:0 
  at ZEPETO.World.Editor.WorldEditorSettings.get_ActiveSetting () [0x00023] in <c723ad8419a1443b99dfb846a9c79f4c>:0 
  at ZEPETO.World.Editor.EditorPropertyRequestService.RequestPropertiesAsync[T] (System.String key) [0x00001] in <800d53a62f6240719bfad768be011f42>:0 
  at ZEPETO.World.Editor.ForbiddenTypes.LoadForbiddenTypes () [0x00001] in <800d53a62f6240719bfad768be011f42>:0 
  at ZEPETO.World.Editor.ForbiddenTypes.Initialize () [0x00052] in <800d53a62f6240719bfad768be011f42>:0 

NullReferenceException: Object reference not set to an instance of an object
  at ZEPETO.World.Editor.WorldPackageEditorUtils.GetDeserializedWorldPackageInfo () [0x00016] in <800d53a62f6240719bfad768be011f42>:0 
  at ZEPETO.World.Editor.WorldPackageEditorUtils.GetFieldValue[T] (System.String field) [0x00001] in <800d53a62f6240719bfad768be011f42>:0 
  at ZEPETO.World.Editor.WorldPackageEditorUtils.get_ZepetoMinVersion () [0x00000] in <800d53a62f6240719bfad768be011f42>:0 
  at ZEPETO.World.Editor.Editor.WorldEditorInitializer.EditorInitializer () [0x00001] in <800d53a62f6240719bfad768be011f42>:0 

Mono: successfully reloaded assembly
- Completed reload, in  1.174 seconds
Platform modules already initialized, skipping
Refreshing native plugins compatible for Editor in 1.08 ms, found 4 plugins.
Preloading 0 native plugins for Editor in 0.00 ms.
Unloading 1880 Unused Serialized files (Serialized files now loaded: 0)
System memory in use before: 103.4 MB.
System memory in use after: 103.6 MB.

Unloading 105 unused Assets to reduce memory usage. Loaded Objects now: 2809.
Total: 2.420400 ms (FindLiveObjects: 0.237800 ms CreateObjectMapping: 0.098200 ms MarkObjects: 2.045700 ms  DeleteObjects: 0.038000 ms)

========================================================================
Received Prepare
Registering precompiled user dll's ...
Registered in 0.095529 seconds.
Begin MonoManager ReloadAssembly
Native extension for WindowsStandalone target not found
Refreshing native plugins compatible for Editor in 0.92 ms, found 4 plugins.
Preloading 0 native plugins for Editor in 0.00 ms.
NullReferenceException: Object reference not set to an instance of an object
  at ZEPETO.World.Editor.WorldEditorSettings.IsZaizai () [0x00014] in <c723ad8419a1443b99dfb846a9c79f4c>:0 
  at ZEPETO.World.Editor.WorldEditorSettings.SelectDevelopment () [0x00000] in <c723ad8419a1443b99dfb846a9c79f4c>:0 
  at ZEPETO.World.Editor.WorldEditorSettings.get_Development () [0x0000d] in <c723ad8419a1443b99dfb846a9c79f4c>:0 
  at ZEPETO.World.Editor.WorldEnvironmentInitializer.MultiplaySettingInitialize () [0x00001] in <800d53a62f6240719bfad768be011f42>:0 
  at ZEPETO.World.Editor.WorldEnvironmentInitializer.InitializeOnLoadMethod () [0x00001] in <800d53a62f6240719bfad768be011f42>:0 

NullReferenceException: Object reference not set to an instance of an object
  at ZEPETO.World.Editor.WorldEditorSettings.IsZaizai () [0x00014] in <c723ad8419a1443b99dfb846a9c79f4c>:0 
  at ZEPETO.World.Editor.WorldEditorSettings.SelectDevelopment () [0x00000] in <c723ad8419a1443b99dfb846a9c79f4c>:0 
  at ZEPETO.World.Editor.WorldEditorSettings.get_Development () [0x0000d] in <c723ad8419a1443b99dfb846a9c79f4c>:0 
  at ZEPETO.World.Editor.WorldEditorSettings.get_BuiltinSettings () [0x00000] in <c723ad8419a1443b99dfb846a9c79f4c>:0 
  at ZEPETO.World.Editor.WorldEditorSettings.get_ActiveSetting () [0x00023] in <c723ad8419a1443b99dfb846a9c79f4c>:0 
  at ZEPETO.World.Editor.EditorPropertyRequestService.RequestPropertiesAsync[T] (System.String key) [0x00001] in <800d53a62f6240719bfad768be011f42>:0 
  at ZEPETO.World.Editor.EngineSettings.LoadEngineSettings () [0x00001] in <800d53a62f6240719bfad768be011f42>:0 
  at ZEPETO.World.Editor.EngineSettings.Initialize () [0x00052] in <800d53a62f6240719bfad768be011f42>:0 

NullReferenceException: Object reference not set to an instance of an object
  at ZEPETO.World.Editor.WorldEditorSettings.IsZaizai () [0x00014] in <c723ad8419a1443b99dfb846a9c79f4c>:0 
  at ZEPETO.World.Editor.WorldEditorSettings.SelectDevelopment () [0x00000] in <c723ad8419a1443b99dfb846a9c79f4c>:0 
  at ZEPETO.World.Editor.WorldEditorSettings.get_Development () [0x0000d] in <c723ad8419a1443b99dfb846a9c79f4c>:0 
  at ZEPETO.World.Editor.WorldEditorSettings.get_BuiltinSettings () [0x00000] in <c723ad8419a1443b99dfb846a9c79f4c>:0 
  at ZEPETO.World.Editor.WorldEditorSettings.get_ActiveSetting () [0x00023] in <c723ad8419a1443b99dfb846a9c79f4c>:0 
  at ZEPETO.World.Editor.EditorPropertyRequestService.RequestPropertiesAsync[T] (System.String key) [0x00001] in <800d53a62f6240719bfad768be011f42>:0 
  at ZEPETO.World.Editor.ForbiddenTypes.LoadForbiddenTypes () [0x00001] in <800d53a62f6240719bfad768be011f42>:0 
  at ZEPETO.World.Editor.ForbiddenTypes.Initialize () [0x00052] in <800d53a62f6240719bfad768be011f42>:0 

NullReferenceException: Object reference not set to an instance of an object
  at ZEPETO.World.Editor.WorldPackageEditorUtils.GetDeserializedWorldPackageInfo () [0x00016] in <800d53a62f6240719bfad768be011f42>:0 
  at ZEPETO.World.Editor.WorldPackageEditorUtils.GetFieldValue[T] (System.String field) [0x00001] in <800d53a62f6240719bfad768be011f42>:0 
  at ZEPETO.World.Editor.WorldPackageEditorUtils.get_ZepetoMinVersion () [0x00000] in <800d53a62f6240719bfad768be011f42>:0 
  at ZEPETO.World.Editor.Editor.WorldEditorInitializer.EditorInitializer () [0x00001] in <800d53a62f6240719bfad768be011f42>:0 

Mono: successfully reloaded assembly
- Completed reload, in  1.137 seconds
Platform modules already initialized, skipping
Refreshing native plugins compatible for Editor in 0.89 ms, found 4 plugins.
Preloading 0 native plugins for Editor in 0.00 ms.
Unloading 1880 Unused Serialized files (Serialized files now loaded: 0)
System memory in use before: 103.5 MB.
System memory in use after: 103.7 MB.

Unloading 105 unused Assets to reduce memory usage. Loaded Objects now: 2812.
Total: 2.204500 ms (FindLiveObjects: 0.248800 ms CreateObjectMapping: 0.069200 ms MarkObjects: 1.849200 ms  DeleteObjects: 0.036500 ms)

========================================================================
Received Prepare
Registering precompiled user dll's ...
Registered in 0.094831 seconds.
Begin MonoManager ReloadAssembly
Native extension for WindowsStandalone target not found
Refreshing native plugins compatible for Editor in 0.97 ms, found 4 plugins.
Preloading 0 native plugins for Editor in 0.00 ms.
NullReferenceException: Object reference not set to an instance of an object
  at ZEPETO.World.Editor.WorldEditorSettings.IsZaizai () [0x00014] in <c723ad8419a1443b99dfb846a9c79f4c>:0 
  at ZEPETO.World.Editor.WorldEditorSettings.SelectDevelopment () [0x00000] in <c723ad8419a1443b99dfb846a9c79f4c>:0 
  at ZEPETO.World.Editor.WorldEditorSettings.get_Development () [0x0000d] in <c723ad8419a1443b99dfb846a9c79f4c>:0 
  at ZEPETO.World.Editor.WorldEnvironmentInitializer.MultiplaySettingInitialize () [0x00001] in <800d53a62f6240719bfad768be011f42>:0 
  at ZEPETO.World.Editor.WorldEnvironmentInitializer.InitializeOnLoadMethod () [0x00001] in <800d53a62f6240719bfad768be011f42>:0 

NullReferenceException: Object reference not set to an instance of an object
  at ZEPETO.World.Editor.WorldEditorSettings.IsZaizai () [0x00014] in <c723ad8419a1443b99dfb846a9c79f4c>:0 
  at ZEPETO.World.Editor.WorldEditorSettings.SelectDevelopment () [0x00000] in <c723ad8419a1443b99dfb846a9c79f4c>:0 
  at ZEPETO.World.Editor.WorldEditorSettings.get_Development () [0x0000d] in <c723ad8419a1443b99dfb846a9c79f4c>:0 
  at ZEPETO.World.Editor.WorldEditorSettings.get_BuiltinSettings () [0x00000] in <c723ad8419a1443b99dfb846a9c79f4c>:0 
  at ZEPETO.World.Editor.WorldEditorSettings.get_ActiveSetting () [0x00023] in <c723ad8419a1443b99dfb846a9c79f4c>:0 
  at ZEPETO.World.Editor.EditorPropertyRequestService.RequestPropertiesAsync[T] (System.String key) [0x00001] in <800d53a62f6240719bfad768be011f42>:0 
  at ZEPETO.World.Editor.EngineSettings.LoadEngineSettings () [0x00001] in <800d53a62f6240719bfad768be011f42>:0 
  at ZEPETO.World.Editor.EngineSettings.Initialize () [0x00052] in <800d53a62f6240719bfad768be011f42>:0 

NullReferenceException: Object reference not set to an instance of an object
  at ZEPETO.World.Editor.WorldEditorSettings.IsZaizai () [0x00014] in <c723ad8419a1443b99dfb846a9c79f4c>:0 
  at ZEPETO.World.Editor.WorldEditorSettings.SelectDevelopment () [0x00000] in <c723ad8419a1443b99dfb846a9c79f4c>:0 
  at ZEPETO.World.Editor.WorldEditorSettings.get_Development () [0x0000d] in <c723ad8419a1443b99dfb846a9c79f4c>:0 
  at ZEPETO.World.Editor.WorldEditorSettings.get_BuiltinSettings () [0x00000] in <c723ad8419a1443b99dfb846a9c79f4c>:0 
  at ZEPETO.World.Editor.WorldEditorSettings.get_ActiveSetting () [0x00023] in <c723ad8419a1443b99dfb846a9c79f4c>:0 
  at ZEPETO.World.Editor.EditorPropertyRequestService.RequestPropertiesAsync[T] (System.String key) [0x00001] in <800d53a62f6240719bfad768be011f42>:0 
  at ZEPETO.World.Editor.ForbiddenTypes.LoadForbiddenTypes () [0x00001] in <800d53a62f6240719bfad768be011f42>:0 
  at ZEPETO.World.Editor.ForbiddenTypes.Initialize () [0x00052] in <800d53a62f6240719bfad768be011f42>:0 

NullReferenceException: Object reference not set to an instance of an object
  at ZEPETO.World.Editor.WorldPackageEditorUtils.GetDeserializedWorldPackageInfo () [0x00016] in <800d53a62f6240719bfad768be011f42>:0 
  at ZEPETO.World.Editor.WorldPackageEditorUtils.GetFieldValue[T] (System.String field) [0x00001] in <800d53a62f6240719bfad768be011f42>:0 
  at ZEPETO.World.Editor.WorldPackageEditorUtils.get_ZepetoMinVersion () [0x00000] in <800d53a62f6240719bfad768be011f42>:0 
  at ZEPETO.World.Editor.Editor.WorldEditorInitializer.EditorInitializer () [0x00001] in <800d53a62f6240719bfad768be011f42>:0 

Mono: successfully reloaded assembly
- Completed reload, in  1.171 seconds
Platform modules already initialized, skipping
Refreshing native plugins compatible for Editor in 0.89 ms, found 4 plugins.
Preloading 0 native plugins for Editor in 0.00 ms.
Unloading 1880 Unused Serialized files (Serialized files now loaded: 0)
System memory in use before: 103.5 MB.
System memory in use after: 103.7 MB.

Unloading 105 unused Assets to reduce memory usage. Loaded Objects now: 2815.
Total: 2.607700 ms (FindLiveObjects: 0.246600 ms CreateObjectMapping: 0.107100 ms MarkObjects: 2.115000 ms  DeleteObjects: 0.138000 ms)

AssetImportWorkerClient::OnTransportError - code=2 error=End of file
